<?xml version="1.0" encoding="UTF-8"?>
<!-- Generated by org.testng.reporters.JUnitReportReporter -->
<testsuite hostname="DESKTOP-SK87QQO" failures="0" tests="16" name="runner.TestRunner" time="1131.414" errors="0" timestamp="2026-03-28T13:15:00 IST" skipped="0">
  <testcase classname="runner.TestRunner" name="runScenario" time="134.755"/>
  <testcase classname="runner.TestRunner" name="runScenario" time="47.703"/>
  <testcase classname="runner.TestRunner" name="runScenario" time="35.821"/>
  <testcase classname="runner.TestRunner" name="runScenario" time="73.256"/>
  <testcase classname="runner.TestRunner" name="runScenario" time="37.939"/>
  <testcase classname="runner.TestRunner" name="runScenario" time="28.716"/>
  <testcase classname="runner.TestRunner" name="runScenario" time="75.123"/>
  <testcase classname="runner.TestRunner" name="runScenario" time="47.778"/>
  <testcase classname="runner.TestRunner" name="runScenario" time="100.704"/>
  <testcase classname="runner.TestRunner" name="runScenario" time="133.468"/>
  <testcase classname="runner.TestRunner" name="runScenario" time="28.152"/>
  <testcase classname="runner.TestRunner" name="runScenario" time="100.536"/>
  <testcase classname="runner.TestRunner" name="runScenario" time="22.611"/>
  <testcase classname="runner.TestRunner" name="runScenario" time="120.231"/>
  <testcase classname="runner.TestRunner" name="runScenario" time="23.095"/>
  <testcase classname="runner.TestRunner" name="runScenario" time="121.526"/>
</testsuite> <!-- runner.TestRunner -->
