<?xml version="1.0" encoding="UTF-8"?>
<!-- Generated by org.testng.reporters.JUnitReportReporter -->
<testsuite hostname="DESK-SS" failures="0" tests="14" name="runner.runner_sayan.TestRunner" time="647.445" errors="0" timestamp="2026-03-31T21:39:56 IST" skipped="0">
  <testcase classname="runner.runner_sayan.TestRunner" name="runScenario" time="62.386"/>
  <testcase classname="runner.runner_sayan.TestRunner" name="runScenario" time="111.298"/>
  <testcase classname="runner.runner_sayan.TestRunner" name="runScenario" time="41.409"/>
  <testcase classname="runner.runner_sayan.TestRunner" name="runScenario" time="22.961"/>
  <testcase classname="runner.runner_sayan.TestRunner" name="runScenario" time="59.882"/>
  <testcase classname="runner.runner_sayan.TestRunner" name="runScenario" time="100.281"/>
  <testcase classname="runner.runner_sayan.TestRunner" name="runScenario" time="49.883"/>
  <testcase classname="runner.runner_sayan.TestRunner" name="runScenario" time="31.650"/>
  <testcase classname="runner.runner_sayan.TestRunner" name="runScenario" time="20.805"/>
  <testcase classname="runner.runner_sayan.TestRunner" name="runScenario" time="29.794"/>
  <testcase classname="runner.runner_sayan.TestRunner" name="runScenario" time="39.565"/>
  <testcase classname="runner.runner_sayan.TestRunner" name="runScenario" time="24.606"/>
  <testcase classname="runner.runner_sayan.TestRunner" name="runScenario" time="28.353"/>
  <testcase classname="runner.runner_sayan.TestRunner" name="runScenario" time="24.572"/>
</testsuite> <!-- runner.runner_sayan.TestRunner -->
