<?xml version="1.0" encoding="UTF-8"?>
<!-- Generated by org.testng.reporters.JUnitReportReporter -->
<testsuite hostname="DESKTOP-SK87QQO" failures="0" tests="8" name="runner.runner_ankan.TestRunner" time="581.263" errors="1" timestamp="2026-03-28T15:14:12 IST" skipped="0">
  <testcase classname="runner.runner_ankan.TestRunner" name="runScenario" time="29.018"/>
  <testcase classname="runner.runner_ankan.TestRunner" name="runScenario" time="96.243">
    <error message="Expected condition failed: waiting for visibility of all [] (tried for 15 second(s) with 500 milliseconds interval)
Build info: version: &#039;4.39.0&#039;, revision: &#039;126f156aee&#039;
System info: os.name: &#039;Windows 11&#039;, os.arch: &#039;amd64&#039;, os.version: &#039;10.0&#039;, java.version: &#039;21.0.9&#039;
Driver info: org.openqa.selenium.chrome.ChromeDriver
Capabilities {acceptInsecureCerts: false, browserName: chrome, browserVersion: 146.0.7680.165, chrome: {chromedriverVersion: 146.0.7680.165 (4b989da09e1..., userDataDir: C:\Users\ankan\AppData\Loca...}, fedcm:accounts: true, goog:chromeOptions: {debuggerAddress: localhost:61785}, goog:processID: 33376, networkConnectionEnabled: false, pageLoadStrategy: normal, platformName: windows, proxy: Proxy(), se:cdp: ws://localhost:61785/devtoo..., se:cdpVersion: 146.0.7680.165, setWindowRect: true, strictFileInteractability: false, timeouts: {implicit: 0, pageLoad: 300000, script: 30000}, unhandledPromptBehavior: dismiss and notify, webauthn:extension:credBlob: true, webauthn:extension:largeBlob: true, webauthn:extension:minPinLength: true, webauthn:extension:prf: true, webauthn:virtualAuthenticators: true}
Session ID: d6b94c3ed00dcec162cff12342a0afdc" type="org.openqa.selenium.TimeoutException">
      <![CDATA[org.openqa.selenium.TimeoutException: Expected condition failed: waiting for visibility of all [] (tried for 15 second(s) with 500 milliseconds interval)
Build info: version: '4.39.0', revision: '126f156aee'
System info: os.name: 'Windows 11', os.arch: 'amd64', os.version: '10.0', java.version: '21.0.9'
Driver info: org.openqa.selenium.chrome.ChromeDriver
Capabilities {acceptInsecureCerts: false, browserName: chrome, browserVersion: 146.0.7680.165, chrome: {chromedriverVersion: 146.0.7680.165 (4b989da09e1..., userDataDir: C:\Users\ankan\AppData\Loca...}, fedcm:accounts: true, goog:chromeOptions: {debuggerAddress: localhost:61785}, goog:processID: 33376, networkConnectionEnabled: false, pageLoadStrategy: normal, platformName: windows, proxy: Proxy(), se:cdp: ws://localhost:61785/devtoo..., se:cdpVersion: 146.0.7680.165, setWindowRect: true, strictFileInteractability: false, timeouts: {implicit: 0, pageLoad: 300000, script: 30000}, unhandledPromptBehavior: dismiss and notify, webauthn:extension:credBlob: true, webauthn:extension:largeBlob: true, webauthn:extension:minPinLength: true, webauthn:extension:prf: true, webauthn:virtualAuthenticators: true}
Session ID: d6b94c3ed00dcec162cff12342a0afdc
at org.openqa.selenium.support.ui.WebDriverWait.timeoutException(WebDriverWait.java:84)
at org.openqa.selenium.support.ui.FluentWait.until(FluentWait.java:228)
at pages.pages_ankan.ContactAgentPage.clickContactOwner(ContactAgentPage.java:53)
at stepDefinitions.stepDefinitions_ankan.ContactAgentSteps.applyFilterAndClickContact(ContactAgentSteps.java:26)
at ✽.user applies New Town filter and clicks Contact Owner(file:///C:/Users/ankan/eclipse-workspace/testing/Practice/src/test/resources/features/features_ankan/MagicBricks.feature:57)
]]>
    </error>
  </testcase> <!-- runScenario -->
  <testcase classname="runner.runner_ankan.TestRunner" name="runScenario" time="117.473"/>
  <testcase classname="runner.runner_ankan.TestRunner" name="runScenario" time="130.107"/>
  <testcase classname="runner.runner_ankan.TestRunner" name="runScenario" time="38.798"/>
  <testcase classname="runner.runner_ankan.TestRunner" name="runScenario" time="35.604"/>
  <testcase classname="runner.runner_ankan.TestRunner" name="runScenario" time="53.589"/>
  <testcase classname="runner.runner_ankan.TestRunner" name="runScenario" time="80.431"/>
</testsuite> <!-- runner.runner_ankan.TestRunner -->
