<?xml version="1.0" encoding="UTF-8"?>
<!-- Generated by org.testng.reporters.JUnitXMLReporter -->
<testsuite ignored="0" hostname="DESKTOP-NIGR32H" failures="1" tests="1" name="Default test" time="0.292" errors="0" timestamp="2026-03-25T21:45:56 IST">
  <testcase classname="io.cucumber.testng.AbstractTestNGCucumberTests" name="runScenario" time="0.106">
    <failure type="io.cucumber.testng.UndefinedStepException" message="The step &amp;apos;I open the MagicBricks property page for Kolkata&amp;apos; and 9 other step(s) are undefined.
You can implement these steps using the snippet(s) below:

@Given(&amp;quot;I open the MagicBricks property page for Kolkata&amp;quot;)
public void i_open_the_magic_bricks_property_page_for_kolkata() {
    // Write code here that turns the phrase above into concrete actions
    throw new io.cucumber.java.PendingException();
}
@When(&amp;quot;I click on the {string} heading&amp;quot;)
public void i_click_on_the_heading(String string) {
    // Write code here that turns the phrase above into concrete actions
    throw new io.cucumber.java.PendingException();
}
@When(&amp;quot;I click on {string} and switch to the new tab&amp;quot;)
public void i_click_on_and_switch_to_the_new_tab(String string) {
    // Write code here that turns the phrase above into concrete actions
    throw new io.cucumber.java.PendingException();
}
@Then(&amp;quot;I should see the {string} page loaded&amp;quot;)
public void i_should_see_the_page_loaded(String string) {
    // Write code here that turns the phrase above into concrete actions
    throw new io.cucumber.java.PendingException();
}
@When(&amp;quot;I select the first agent and click {string}&amp;quot;)
public void i_select_the_first_agent_and_click(String string) {
    // Write code here that turns the phrase above into concrete actions
    throw new io.cucumber.java.PendingException();
}
@When(&amp;quot;I fill in the contact form with name {string}, email {string}, and mobile {string}&amp;quot;)
public void i_fill_in_the_contact_form_with_name_email_and_mobile(String string, String string2, String string3) {
    // Write code here that turns the phrase above into concrete actions
    throw new io.cucumber.java.PendingException();
}
@When(&amp;quot;I click the {string} button&amp;quot;)
public void i_click_the_button(String string) {
    // Write code here that turns the phrase above into concrete actions
    throw new io.cucumber.java.PendingException();
}
@Then(&amp;quot;I wait for the OTP field to appear&amp;quot;)
public void i_wait_for_the_otp_field_to_appear() {
    // Write code here that turns the phrase above into concrete actions
    throw new io.cucumber.java.PendingException();
}
@Then(&amp;quot;I manually enter the OTP&amp;quot;)
public void i_manually_enter_the_otp() {
    // Write code here that turns the phrase above into concrete actions
    throw new io.cucumber.java.PendingException();
}
">
      <![CDATA[io.cucumber.testng.UndefinedStepException: The step 'I open the MagicBricks property page for Kolkata' and 9 other step(s) are undefined.
You can implement these steps using the snippet(s) below:

@Given("I open the MagicBricks property page for Kolkata")
public void i_open_the_magic_bricks_property_page_for_kolkata() {
    // Write code here that turns the phrase above into concrete actions
    throw new io.cucumber.java.PendingException();
}
@When("I click on the {string} heading")
public void i_click_on_the_heading(String string) {
    // Write code here that turns the phrase above into concrete actions
    throw new io.cucumber.java.PendingException();
}
@When("I click on {string} and switch to the new tab")
public void i_click_on_and_switch_to_the_new_tab(String string) {
    // Write code here that turns the phrase above into concrete actions
    throw new io.cucumber.java.PendingException();
}
@Then("I should see the {string} page loaded")
public void i_should_see_the_page_loaded(String string) {
    // Write code here that turns the phrase above into concrete actions
    throw new io.cucumber.java.PendingException();
}
@When("I select the first agent and click {string}")
public void i_select_the_first_agent_and_click(String string) {
    // Write code here that turns the phrase above into concrete actions
    throw new io.cucumber.java.PendingException();
}
@When("I fill in the contact form with name {string}, email {string}, and mobile {string}")
public void i_fill_in_the_contact_form_with_name_email_and_mobile(String string, String string2, String string3) {
    // Write code here that turns the phrase above into concrete actions
    throw new io.cucumber.java.PendingException();
}
@When("I click the {string} button")
public void i_click_the_button(String string) {
    // Write code here that turns the phrase above into concrete actions
    throw new io.cucumber.java.PendingException();
}
@Then("I wait for the OTP field to appear")
public void i_wait_for_the_otp_field_to_appear() {
    // Write code here that turns the phrase above into concrete actions
    throw new io.cucumber.java.PendingException();
}
@Then("I manually enter the OTP")
public void i_manually_enter_the_otp() {
    // Write code here that turns the phrase above into concrete actions
    throw new io.cucumber.java.PendingException();
}

at ✽.I open the MagicBricks property page for Kolkata(file:///D:/backup/Language/Eclipse/MagicBricks_Sprint_Group4/src/test/java/featureFile_Tanistha/AgentContact.feature:7)
]]>
    </failure>
  </testcase> <!-- runScenario -->
</testsuite> <!-- Default test -->
