<?xml version="1.0" encoding="UTF-8"?>
<testng-results ignored="0" total="4" passed="0" failed="4" skipped="0">
  <reporter-output>
  </reporter-output>
  <suite started-at="2026-03-26T10:20:38 IST" name="Default suite" finished-at="2026-03-26T10:20:38 IST" duration-ms="549">
    <groups>
      <group name="cucumber">
        <method signature="AbstractTestNGCucumberTests.runScenario(io.cucumber.testng.PickleWrapper,io.cucumber.testng.FeatureWrapper)[pri:0, instance:runnerFile.Tanistha_Buy@2e570ded]" name="runScenario" class="io.cucumber.testng.AbstractTestNGCucumberTests"/>
      </group> <!-- cucumber -->
    </groups>
    <test started-at="2026-03-26T10:20:38 IST" name="Default test" finished-at="2026-03-26T10:20:38 IST" duration-ms="549">
      <class name="runnerFile.Tanistha_Buy">
        <test-method is-config="true" signature="setUpClass(org.testng.ITestContext)[pri:0, instance:runnerFile.Tanistha_Buy@2e570ded]" started-at="2026-03-26T10:20:38 IST" name="setUpClass" finished-at="2026-03-26T10:20:38 IST" duration-ms="223" status="PASS">
          <params>
            <param index="0">
              <value>
                <![CDATA[org.testng.TestRunner@2d10e0b1]]>
              </value>
            </param>
          </params>
          <reporter-output>
          </reporter-output>
        </test-method> <!-- setUpClass -->
        <test-method signature="runScenario(io.cucumber.testng.PickleWrapper,io.cucumber.testng.FeatureWrapper)[pri:0, instance:runnerFile.Tanistha_Buy@2e570ded]" started-at="2026-03-26T10:20:38 IST" name="runScenario" description="Runs Cucumber Scenarios" data-provider="scenarios" finished-at="2026-03-26T10:20:38 IST" duration-ms="195" status="FAIL">
          <params>
            <param index="0">
              <value>
                <![CDATA["Apply budget filter and view property description"]]>
              </value>
            </param>
            <param index="1">
              <value>
                <![CDATA["MagicBricks Test Scenarios"]]>
              </value>
            </param>
          </params>
          <exception class="io.cucumber.testng.UndefinedStepException">
            <message>
              <![CDATA[The step 'I open the MagicBricks website for "Kolkata"' and 5 other step(s) are undefined.
You can implement these steps using the snippet(s) below:

@Given("I open the MagicBricks website for {string}")
public void i_open_the_magic_bricks_website_for(String string) {
    // Write code here that turns the phrase above into concrete actions
    throw new io.cucumber.java.PendingException();
}
@When("I apply budget filter from {string} to {string}")
public void i_apply_budget_filter_from_to(String string, String string2) {
    // Write code here that turns the phrase above into concrete actions
    throw new io.cucumber.java.PendingException();
}
@When("I click the search button")
public void i_click_the_search_button() {
    // Write code here that turns the phrase above into concrete actions
    throw new io.cucumber.java.PendingException();
}
@Then("I should see the property listings")
public void i_should_see_the_property_listings() {
    // Write code here that turns the phrase above into concrete actions
    throw new io.cucumber.java.PendingException();
}
@When("I open the first property")
public void i_open_the_first_property() {
    // Write code here that turns the phrase above into concrete actions
    throw new io.cucumber.java.PendingException();
}
@When("I read full property description")
public void i_read_full_property_description() {
    // Write code here that turns the phrase above into concrete actions
    throw new io.cucumber.java.PendingException();
}
]]>
            </message>
            <full-stacktrace>
              <![CDATA[io.cucumber.testng.UndefinedStepException: The step 'I open the MagicBricks website for "Kolkata"' and 5 other step(s) are undefined.
You can implement these steps using the snippet(s) below:

@Given("I open the MagicBricks website for {string}")
public void i_open_the_magic_bricks_website_for(String string) {
    // Write code here that turns the phrase above into concrete actions
    throw new io.cucumber.java.PendingException();
}
@When("I apply budget filter from {string} to {string}")
public void i_apply_budget_filter_from_to(String string, String string2) {
    // Write code here that turns the phrase above into concrete actions
    throw new io.cucumber.java.PendingException();
}
@When("I click the search button")
public void i_click_the_search_button() {
    // Write code here that turns the phrase above into concrete actions
    throw new io.cucumber.java.PendingException();
}
@Then("I should see the property listings")
public void i_should_see_the_property_listings() {
    // Write code here that turns the phrase above into concrete actions
    throw new io.cucumber.java.PendingException();
}
@When("I open the first property")
public void i_open_the_first_property() {
    // Write code here that turns the phrase above into concrete actions
    throw new io.cucumber.java.PendingException();
}
@When("I read full property description")
public void i_read_full_property_description() {
    // Write code here that turns the phrase above into concrete actions
    throw new io.cucumber.java.PendingException();
}

at ✽.I open the MagicBricks website for "Kolkata"(file:///C:/Users/TANISTHA/git/MagicBricks/Day_3_Deliverables/MagicBricks_Sprint_Group4/src/test/java/featureFile/Tanistha_Buy2.feature:8)
]]>
            </full-stacktrace>
          </exception> <!-- io.cucumber.testng.UndefinedStepException -->
          <reporter-output>
          </reporter-output>
        </test-method> <!-- runScenario -->
        <test-method signature="runScenario(io.cucumber.testng.PickleWrapper,io.cucumber.testng.FeatureWrapper)[pri:0, instance:runnerFile.Tanistha_Buy@2e570ded]" started-at="2026-03-26T10:20:38 IST" name="runScenario" description="Runs Cucumber Scenarios" data-provider="scenarios" finished-at="2026-03-26T10:20:38 IST" duration-ms="17" status="FAIL">
          <params>
            <param index="0">
              <value>
                <![CDATA["Search for Gariahat locality and explore it"]]>
              </value>
            </param>
            <param index="1">
              <value>
                <![CDATA["MagicBricks Test Scenarios"]]>
              </value>
            </param>
          </params>
          <exception class="io.cucumber.testng.UndefinedStepException">
            <message>
              <![CDATA[The step 'I open the MagicBricks website for "Kolkata"' and 5 other step(s) are undefined.
You can implement these steps using the snippet(s) below:

@Given("I open the MagicBricks website for {string}")
public void i_open_the_magic_bricks_website_for(String string) {
    // Write code here that turns the phrase above into concrete actions
    throw new io.cucumber.java.PendingException();
}
@When("I navigate to {string} page")
public void i_navigate_to_page(String string) {
    // Write code here that turns the phrase above into concrete actions
    throw new io.cucumber.java.PendingException();
}
@When("I search for locality {string}")
public void i_search_for_locality(String string) {
    // Write code here that turns the phrase above into concrete actions
    throw new io.cucumber.java.PendingException();
}
@When("I select the first suggestion")
public void i_select_the_first_suggestion() {
    // Write code here that turns the phrase above into concrete actions
    throw new io.cucumber.java.PendingException();
}
@Then("I should see the title of the first locality card")
public void i_should_see_the_title_of_the_first_locality_card() {
    // Write code here that turns the phrase above into concrete actions
    throw new io.cucumber.java.PendingException();
}
@When("I explore the first locality card")
public void i_explore_the_first_locality_card() {
    // Write code here that turns the phrase above into concrete actions
    throw new io.cucumber.java.PendingException();
}
]]>
            </message>
            <full-stacktrace>
              <![CDATA[io.cucumber.testng.UndefinedStepException: The step 'I open the MagicBricks website for "Kolkata"' and 5 other step(s) are undefined.
You can implement these steps using the snippet(s) below:

@Given("I open the MagicBricks website for {string}")
public void i_open_the_magic_bricks_website_for(String string) {
    // Write code here that turns the phrase above into concrete actions
    throw new io.cucumber.java.PendingException();
}
@When("I navigate to {string} page")
public void i_navigate_to_page(String string) {
    // Write code here that turns the phrase above into concrete actions
    throw new io.cucumber.java.PendingException();
}
@When("I search for locality {string}")
public void i_search_for_locality(String string) {
    // Write code here that turns the phrase above into concrete actions
    throw new io.cucumber.java.PendingException();
}
@When("I select the first suggestion")
public void i_select_the_first_suggestion() {
    // Write code here that turns the phrase above into concrete actions
    throw new io.cucumber.java.PendingException();
}
@Then("I should see the title of the first locality card")
public void i_should_see_the_title_of_the_first_locality_card() {
    // Write code here that turns the phrase above into concrete actions
    throw new io.cucumber.java.PendingException();
}
@When("I explore the first locality card")
public void i_explore_the_first_locality_card() {
    // Write code here that turns the phrase above into concrete actions
    throw new io.cucumber.java.PendingException();
}

at ✽.I open the MagicBricks website for "Kolkata"(file:///C:/Users/TANISTHA/git/MagicBricks/Day_3_Deliverables/MagicBricks_Sprint_Group4/src/test/java/featureFile/Tanistha_Buy2.feature:17)
]]>
            </full-stacktrace>
          </exception> <!-- io.cucumber.testng.UndefinedStepException -->
          <reporter-output>
          </reporter-output>
        </test-method> <!-- runScenario -->
        <test-method signature="runScenario(io.cucumber.testng.PickleWrapper,io.cucumber.testng.FeatureWrapper)[pri:0, instance:runnerFile.Tanistha_Buy@2e570ded]" started-at="2026-03-26T10:20:38 IST" name="runScenario" description="Runs Cucumber Scenarios" data-provider="scenarios" finished-at="2026-03-26T10:20:38 IST" duration-ms="13" status="FAIL">
          <params>
            <param index="0">
              <value>
                <![CDATA["Select property type filter and search"]]>
              </value>
            </param>
            <param index="1">
              <value>
                <![CDATA["MagicBricks Test Scenarios"]]>
              </value>
            </param>
          </params>
          <exception class="io.cucumber.testng.UndefinedStepException">
            <message>
              <![CDATA[The step 'I open the MagicBricks website for "Kolkata"' and 4 other step(s) are undefined.
You can implement these steps using the snippet(s) below:

@Given("I open the MagicBricks website for {string}")
public void i_open_the_magic_bricks_website_for(String string) {
    // Write code here that turns the phrase above into concrete actions
    throw new io.cucumber.java.PendingException();
}
@When("I navigate to {string} page")
public void i_navigate_to_page(String string) {
    // Write code here that turns the phrase above into concrete actions
    throw new io.cucumber.java.PendingException();
}
@When("I select property type {string}")
public void i_select_property_type(String string) {
    // Write code here that turns the phrase above into concrete actions
    throw new io.cucumber.java.PendingException();
}
@When("I click the search button")
public void i_click_the_search_button() {
    // Write code here that turns the phrase above into concrete actions
    throw new io.cucumber.java.PendingException();
}
@Then("I should see the selected property type in results")
public void i_should_see_the_selected_property_type_in_results() {
    // Write code here that turns the phrase above into concrete actions
    throw new io.cucumber.java.PendingException();
}
]]>
            </message>
            <full-stacktrace>
              <![CDATA[io.cucumber.testng.UndefinedStepException: The step 'I open the MagicBricks website for "Kolkata"' and 4 other step(s) are undefined.
You can implement these steps using the snippet(s) below:

@Given("I open the MagicBricks website for {string}")
public void i_open_the_magic_bricks_website_for(String string) {
    // Write code here that turns the phrase above into concrete actions
    throw new io.cucumber.java.PendingException();
}
@When("I navigate to {string} page")
public void i_navigate_to_page(String string) {
    // Write code here that turns the phrase above into concrete actions
    throw new io.cucumber.java.PendingException();
}
@When("I select property type {string}")
public void i_select_property_type(String string) {
    // Write code here that turns the phrase above into concrete actions
    throw new io.cucumber.java.PendingException();
}
@When("I click the search button")
public void i_click_the_search_button() {
    // Write code here that turns the phrase above into concrete actions
    throw new io.cucumber.java.PendingException();
}
@Then("I should see the selected property type in results")
public void i_should_see_the_selected_property_type_in_results() {
    // Write code here that turns the phrase above into concrete actions
    throw new io.cucumber.java.PendingException();
}

at ✽.I open the MagicBricks website for "Kolkata"(file:///C:/Users/TANISTHA/git/MagicBricks/Day_3_Deliverables/MagicBricks_Sprint_Group4/src/test/java/featureFile/Tanistha_Buy2.feature:26)
]]>
            </full-stacktrace>
          </exception> <!-- io.cucumber.testng.UndefinedStepException -->
          <reporter-output>
          </reporter-output>
        </test-method> <!-- runScenario -->
        <test-method signature="runScenario(io.cucumber.testng.PickleWrapper,io.cucumber.testng.FeatureWrapper)[pri:0, instance:runnerFile.Tanistha_Buy@2e570ded]" started-at="2026-03-26T10:20:38 IST" name="runScenario" description="Runs Cucumber Scenarios" data-provider="scenarios" finished-at="2026-03-26T10:20:38 IST" duration-ms="19" status="FAIL">
          <params>
            <param index="0">
              <value>
                <![CDATA["Fill agent contact form and verify OTP"]]>
              </value>
            </param>
            <param index="1">
              <value>
                <![CDATA["MagicBricks Test Scenarios"]]>
              </value>
            </param>
          </params>
          <exception class="io.cucumber.testng.UndefinedStepException">
            <message>
              <![CDATA[The step 'I open the MagicBricks website for "Kolkata"' and 7 other step(s) are undefined.
You can implement these steps using the snippet(s) below:

@Given("I open the MagicBricks website for {string}")
public void i_open_the_magic_bricks_website_for(String string) {
    // Write code here that turns the phrase above into concrete actions
    throw new io.cucumber.java.PendingException();
}
@When("I navigate to {string} page")
public void i_navigate_to_page(String string) {
    // Write code here that turns the phrase above into concrete actions
    throw new io.cucumber.java.PendingException();
}
@When("I select the first agent and {string}")
public void i_select_the_first_agent_and(String string) {
    // Write code here that turns the phrase above into concrete actions
    throw new io.cucumber.java.PendingException();
}
@When("I fill contact form with name {string}, email {string}, mobile {string}")
public void i_fill_contact_form_with_name_email_mobile(String string, String string2, String string3) {
    // Write code here that turns the phrase above into concrete actions
    throw new io.cucumber.java.PendingException();
}
@When("I submit contact form")
public void i_submit_contact_form() {
    // Write code here that turns the phrase above into concrete actions
    throw new io.cucumber.java.PendingException();
}
@Then("I wait for OTP field")
public void i_wait_for_otp_field() {
    // Write code here that turns the phrase above into concrete actions
    throw new io.cucumber.java.PendingException();
}
@Then("I enter OTP manually")
public void i_enter_otp_manually() {
    // Write code here that turns the phrase above into concrete actions
    throw new io.cucumber.java.PendingException();
}
@When("I verify OTP")
public void i_verify_otp() {
    // Write code here that turns the phrase above into concrete actions
    throw new io.cucumber.java.PendingException();
}
]]>
            </message>
            <full-stacktrace>
              <![CDATA[io.cucumber.testng.UndefinedStepException: The step 'I open the MagicBricks website for "Kolkata"' and 7 other step(s) are undefined.
You can implement these steps using the snippet(s) below:

@Given("I open the MagicBricks website for {string}")
public void i_open_the_magic_bricks_website_for(String string) {
    // Write code here that turns the phrase above into concrete actions
    throw new io.cucumber.java.PendingException();
}
@When("I navigate to {string} page")
public void i_navigate_to_page(String string) {
    // Write code here that turns the phrase above into concrete actions
    throw new io.cucumber.java.PendingException();
}
@When("I select the first agent and {string}")
public void i_select_the_first_agent_and(String string) {
    // Write code here that turns the phrase above into concrete actions
    throw new io.cucumber.java.PendingException();
}
@When("I fill contact form with name {string}, email {string}, mobile {string}")
public void i_fill_contact_form_with_name_email_mobile(String string, String string2, String string3) {
    // Write code here that turns the phrase above into concrete actions
    throw new io.cucumber.java.PendingException();
}
@When("I submit contact form")
public void i_submit_contact_form() {
    // Write code here that turns the phrase above into concrete actions
    throw new io.cucumber.java.PendingException();
}
@Then("I wait for OTP field")
public void i_wait_for_otp_field() {
    // Write code here that turns the phrase above into concrete actions
    throw new io.cucumber.java.PendingException();
}
@Then("I enter OTP manually")
public void i_enter_otp_manually() {
    // Write code here that turns the phrase above into concrete actions
    throw new io.cucumber.java.PendingException();
}
@When("I verify OTP")
public void i_verify_otp() {
    // Write code here that turns the phrase above into concrete actions
    throw new io.cucumber.java.PendingException();
}

at ✽.I open the MagicBricks website for "Kolkata"(file:///C:/Users/TANISTHA/git/MagicBricks/Day_3_Deliverables/MagicBricks_Sprint_Group4/src/test/java/featureFile/Tanistha_Buy2.feature:34)
]]>
            </full-stacktrace>
          </exception> <!-- io.cucumber.testng.UndefinedStepException -->
          <reporter-output>
          </reporter-output>
        </test-method> <!-- runScenario -->
        <test-method is-config="true" signature="tearDownClass()[pri:0, instance:runnerFile.Tanistha_Buy@2e570ded]" started-at="2026-03-26T10:20:38 IST" name="tearDownClass" finished-at="2026-03-26T10:20:38 IST" duration-ms="5" status="PASS">
          <reporter-output>
          </reporter-output>
        </test-method> <!-- tearDownClass -->
      </class> <!-- runnerFile.Tanistha_Buy -->
    </test> <!-- Default test -->
  </suite> <!-- Default suite -->
</testng-results>
