<?xml version="1.0" encoding="UTF-8"?>
<!-- Generated by org.testng.reporters.JUnitXMLReporter -->
<testsuite ignored="0" hostname="DESK-SS" failures="0" tests="5" name="Carts" time="2.754" errors="0" timestamp="2026-03-29T20:30:49 IST">
  <testcase classname="tests.CartTests" name="TC_CART_01_getAllCarts_return200WithFullList" time="0.602"/>
  <testcase classname="tests.CartTests" name="TC_CART_02_getCartById_returnCorrectCartWithAllFields" time="0.714"/>
  <testcase classname="tests.CartTests" name="TC_CART_03_createCart_return201WithCreatedCart" time="0.408"/>
  <testcase classname="tests.CartTests" name="TC_CART_04_updateCart_return200WithUpdatedFields" time="0.396"/>
  <testcase classname="tests.CartTests" name="TC_CART_05_deleteCart_return200WithDeletedCartObject" time="0.62"/>
</testsuite> <!-- Carts -->
