<?xml version="1.0" encoding="UTF-8"?>
<!-- Generated by org.testng.reporters.JUnitXMLReporter -->
<testsuite ignored="0" hostname="DESK-SS" failures="1" tests="5" name="Products" time="4.011" errors="0" timestamp="2026-03-29T20:30:43 IST">
  <testcase classname="tests.ProductTests" name="TC_PROD_01_getAllProducts_return200WithFullList" time="1.099">
    <failure type="java.lang.ClassCastException" message="class java.lang.Float cannot be cast to class java.lang.Integer (java.lang.Float and java.lang.Integer are in module java.base of loader &amp;apos;bootstrap&amp;apos;)">
      <![CDATA[java.lang.ClassCastException: class java.lang.Float cannot be cast to class java.lang.Integer (java.lang.Float and java.lang.Integer are in module java.base of loader 'bootstrap')
at java.base/java.lang.Integer.compareTo(Integer.java:72)
at org.hamcrest.comparator.ComparatorMatcherBuilder$1.compare(ComparatorMatcherBuilder.java:29)
at org.hamcrest.comparator.ComparatorMatcherBuilder$1.compare(ComparatorMatcherBuilder.java:26)
at org.hamcrest.comparator.ComparatorMatcherBuilder$ComparatorMatcher.describeMismatchSafely(ComparatorMatcherBuilder.java:96)
at org.hamcrest.TypeSafeMatcher.describeMismatch(TypeSafeMatcher.java:98)
at org.hamcrest.core.Every.matchesSafely(Every.java:20)
at org.hamcrest.core.Every.matchesSafely(Every.java:7)
at org.hamcrest.TypeSafeDiagnosingMatcher.matches(TypeSafeDiagnosingMatcher.java:66)
at io.restassured.internal.assertion.BodyMatcher.validate(BodyMatcher.java:106)
at io.restassured.internal.assertion.BodyMatcherGroup.lambda$validate$0(BodyMatcherGroup.java:30)
at java.base/java.util.stream.ReferencePipeline$3$1.accept(ReferencePipeline.java:197)
at java.base/java.util.ArrayList$ArrayListSpliterator.forEachRemaining(ArrayList.java:1708)
at java.base/java.util.stream.AbstractPipeline.copyInto(AbstractPipeline.java:509)
at java.base/java.util.stream.AbstractPipeline.wrapAndCopyInto(AbstractPipeline.java:499)
at java.base/java.util.stream.ReduceOps$ReduceOp.evaluateSequential(ReduceOps.java:921)
at java.base/java.util.stream.AbstractPipeline.evaluate(AbstractPipeline.java:234)
at java.base/java.util.stream.ReferencePipeline.collect(ReferencePipeline.java:682)
at io.restassured.internal.assertion.BodyMatcherGroup.validate(BodyMatcherGroup.java:30)
at org.codehaus.groovy.vmplugin.v8.IndyInterface.fromCache(IndyInterface.java:344)
at io.restassured.internal.ResponseSpecificationImpl$HamcrestAssertionClosure.validate(ResponseSpecificationImpl.groovy:503)
at org.codehaus.groovy.vmplugin.v8.IndyInterface.fromCache(IndyInterface.java:344)
at io.restassured.internal.ResponseSpecificationImpl.validateResponseIfRequired(ResponseSpecificationImpl.groovy:714)
at org.codehaus.groovy.vmplugin.v8.IndyInterface.fromCache(IndyInterface.java:344)
at io.restassured.internal.ResponseSpecificationImpl.body(ResponseSpecificationImpl.groovy:274)
at org.codehaus.groovy.vmplugin.v8.IndyInterface.fromCache(IndyInterface.java:344)
at io.restassured.internal.ResponseSpecificationImpl.body(ResponseSpecificationImpl.groovy:121)
at io.restassured.internal.ValidatableResponseOptionsImpl.body(ValidatableResponseOptionsImpl.java:244)
at tests.ProductTests.TC_PROD_01_getAllProducts_return200WithFullList(ProductTests.java:55)
at java.base/java.util.ArrayList.forEach(ArrayList.java:1596)
... Removed 29 stack frames]]>
    </failure>
  </testcase> <!-- TC_PROD_01_getAllProducts_return200WithFullList -->
  <testcase classname="tests.ProductTests" name="TC_PROD_02_getProductById_returnCorrectProductWithRating" time="1.01"/>
  <testcase classname="tests.ProductTests" name="TC_PROD_03_createProduct_return201WithEchoedProduct" time="0.884"/>
  <testcase classname="tests.ProductTests" name="TC_PROD_04_updateProduct_return200WithUpdatedFields" time="0.429"/>
  <testcase classname="tests.ProductTests" name="TC_PROD_05_deleteProduct_return200WithDeletedProduct" time="0.5"/>
</testsuite> <!-- Products -->
