<?xml version="1.0" encoding="UTF-8"?>
<!-- Generated by org.testng.reporters.JUnitXMLReporter -->
<testsuite ignored="0" hostname="DESK-SS" failures="1" tests="5" name="Users" time="3.288" errors="0" timestamp="2026-03-29T20:30:46 IST">
  <testcase classname="tests.UserTests" name="TC_USER_01_getAllUsers_return200WithFullList" time="0.654"/>
  <testcase classname="tests.UserTests" name="TC_USER_02_getUserById_returnCorrectUserWithAllNestedFields" time="0.676"/>
  <testcase classname="tests.UserTests" name="TC_USER_03_createUser_return200WithCreatedUser" time="0.972">
    <failure type="java.lang.AssertionError" message="1 expectation failed.
Expected status code &amp;lt;200&amp;gt; but was &amp;lt;201&amp;gt;.
">
      <![CDATA[java.lang.AssertionError: 1 expectation failed.
Expected status code <200> but was <201>.

at org.codehaus.groovy.vmplugin.v8.IndyInterface.fromCache(IndyInterface.java:344)
at io.restassured.internal.ResponseSpecificationImpl$HamcrestAssertionClosure.validate(ResponseSpecificationImpl.groovy:516)
at org.codehaus.groovy.vmplugin.v8.IndyInterface.fromCache(IndyInterface.java:344)
at io.restassured.internal.ResponseSpecificationImpl.validateResponseIfRequired(ResponseSpecificationImpl.groovy:714)
at org.codehaus.groovy.vmplugin.v8.IndyInterface.fromCache(IndyInterface.java:344)
at io.restassured.internal.ResponseSpecificationImpl.statusCode(ResponseSpecificationImpl.groovy:139)
at org.codehaus.groovy.vmplugin.v8.IndyInterface.fromCache(IndyInterface.java:344)
at io.restassured.internal.ResponseSpecificationImpl.statusCode(ResponseSpecificationImpl.groovy:147)
at io.restassured.internal.ValidatableResponseOptionsImpl.statusCode(ValidatableResponseOptionsImpl.java:89)
at tests.UserTests.TC_USER_03_createUser_return200WithCreatedUser(UserTests.java:130)
at java.base/java.util.ArrayList.forEach(ArrayList.java:1596)
... Removed 29 stack frames]]>
    </failure>
  </testcase> <!-- TC_USER_03_createUser_return200WithCreatedUser -->
  <testcase classname="tests.UserTests" name="TC_USER_04_updateUser_return200WithUpdatedFields" time="0.457"/>
  <testcase classname="tests.UserTests" name="TC_USER_05_deleteUser_return200WithDeletedUserObject" time="0.511"/>
</testsuite> <!-- Users -->
