<?xml version="1.0" encoding="UTF-8"?>
<!-- Generated by org.testng.reporters.JUnitReportReporter -->
<testsuite hostname="DESKTOP-SK87QQO" failures="0" tests="2" name="tests.AuthTests" time="3.653" errors="0" timestamp="2026-03-31T11:44:50 IST" skipped="0">
  <testcase classname="tests.AuthTests" name="TC_AUTH_01_validCredentials_return200WithToken" time="2.735"/>
  <testcase classname="tests.AuthTests" name="TC_AUTH_02_loginResponse_tokenIsNonBlankString" time="0.918"/>
</testsuite> <!-- tests.AuthTests -->
