<?xml version="1.0" encoding="UTF-8"?>
<!-- Generated by org.testng.reporters.JUnitReportReporter -->
<testsuite hostname="DESK-SS" failures="0" tests="5" name="tests.CartTests" time="3.748" errors="0" timestamp="2026-03-30T15:17:16 IST" skipped="0">
  <testcase classname="tests.CartTests" name="TC_CART_01_getAllCarts_return200WithFullList" time="0.932"/>
  <testcase classname="tests.CartTests" name="TC_CART_02_getCartById_returnCorrectCartWithAllFields" time="0.879"/>
  <testcase classname="tests.CartTests" name="TC_CART_03_createCart_return201WithCreatedCart" time="0.598"/>
  <testcase classname="tests.CartTests" name="TC_CART_04_updateCart_return200WithUpdatedFields" time="0.604"/>
  <testcase classname="tests.CartTests" name="TC_CART_05_deleteCart_return200WithDeletedCartObject" time="0.735"/>
</testsuite> <!-- tests.CartTests -->
