<?xml version="1.0" encoding="UTF-8"?>
<!-- Generated by org.testng.reporters.JUnitReportReporter -->
<testsuite hostname="DESKTOP-NIGR32H" failures="0" tests="8" name="runnerFile.Tanistha_Buy" time="0.142" errors="8" timestamp="2026-03-26T20:07:58 IST" skipped="0">
  <testcase classname="runnerFile.Tanistha_Buy" name="runScenario" time="0.006">
    <error message="The step &#039;I open the MagicBricks property page for &quot;Kolkata&quot;&#039; and 8 other step(s) are undefined.
You can implement these steps using the snippet(s) below:

@Given(&quot;I open the MagicBricks property page for {string}&quot;)
public void i_open_the_magic_bricks_property_page_for(String string) {
    // Write code here that turns the phrase above into concrete actions
    throw new io.cucumber.java.PendingException();
}
@When(&quot;I click on the {string} heading&quot;)
public void i_click_on_the_heading(String string) {
    // Write code here that turns the phrase above into concrete actions
    throw new io.cucumber.java.PendingException();
}
@When(&quot;I click on {string} link&quot;)
public void i_click_on_link(String string) {
    // Write code here that turns the phrase above into concrete actions
    throw new io.cucumber.java.PendingException();
}
@When(&quot;I switch to the new tab&quot;)
public void i_switch_to_the_new_tab() {
    // Write code here that turns the phrase above into concrete actions
    throw new io.cucumber.java.PendingException();
}
@Then(&quot;the {string} page should load&quot;)
public void the_page_should_load(String string) {
    // Write code here that turns the phrase above into concrete actions
    throw new io.cucumber.java.PendingException();
}
@When(&quot;I view all agents&quot;)
public void i_view_all_agents() {
    // Write code here that turns the phrase above into concrete actions
    throw new io.cucumber.java.PendingException();
}
@When(&quot;I click on {string} for the first agent&quot;)
public void i_click_on_for_the_first_agent(String string) {
    // Write code here that turns the phrase above into concrete actions
    throw new io.cucumber.java.PendingException();
}
@When(&quot;I switch to the agent detail tab&quot;)
public void i_switch_to_the_agent_detail_tab() {
    // Write code here that turns the phrase above into concrete actions
    throw new io.cucumber.java.PendingException();
}
@Then(&quot;I should see the agent&#039;s name, company, and experience&quot;)
public void i_should_see_the_agent_s_name_company_and_experience() {
    // Write code here that turns the phrase above into concrete actions
    throw new io.cucumber.java.PendingException();
}
" type="io.cucumber.testng.UndefinedStepException">
      <![CDATA[io.cucumber.testng.UndefinedStepException: The step 'I open the MagicBricks property page for "Kolkata"' and 8 other step(s) are undefined.
You can implement these steps using the snippet(s) below:

@Given("I open the MagicBricks property page for {string}")
public void i_open_the_magic_bricks_property_page_for(String string) {
    // Write code here that turns the phrase above into concrete actions
    throw new io.cucumber.java.PendingException();
}
@When("I click on the {string} heading")
public void i_click_on_the_heading(String string) {
    // Write code here that turns the phrase above into concrete actions
    throw new io.cucumber.java.PendingException();
}
@When("I click on {string} link")
public void i_click_on_link(String string) {
    // Write code here that turns the phrase above into concrete actions
    throw new io.cucumber.java.PendingException();
}
@When("I switch to the new tab")
public void i_switch_to_the_new_tab() {
    // Write code here that turns the phrase above into concrete actions
    throw new io.cucumber.java.PendingException();
}
@Then("the {string} page should load")
public void the_page_should_load(String string) {
    // Write code here that turns the phrase above into concrete actions
    throw new io.cucumber.java.PendingException();
}
@When("I view all agents")
public void i_view_all_agents() {
    // Write code here that turns the phrase above into concrete actions
    throw new io.cucumber.java.PendingException();
}
@When("I click on {string} for the first agent")
public void i_click_on_for_the_first_agent(String string) {
    // Write code here that turns the phrase above into concrete actions
    throw new io.cucumber.java.PendingException();
}
@When("I switch to the agent detail tab")
public void i_switch_to_the_agent_detail_tab() {
    // Write code here that turns the phrase above into concrete actions
    throw new io.cucumber.java.PendingException();
}
@Then("I should see the agent's name, company, and experience")
public void i_should_see_the_agent_s_name_company_and_experience() {
    // Write code here that turns the phrase above into concrete actions
    throw new io.cucumber.java.PendingException();
}

at ✽.I open the MagicBricks property page for "Kolkata"(file:///C:/Users/TANISTHA/git/MagicBricks/Day_3_Deliverables/MagicBricks_Sprint_Group4/src/test/java/featureFile/Tanistha_Buy2.feature:85)
]]>
    </error>
  </testcase> <!-- runScenario -->
  <testcase classname="runnerFile.Tanistha_Buy" name="runScenario" time="0.005">
    <error message="The step &#039;I open the MagicBricks property page for &quot;Kolkata&quot;&#039; and 8 other step(s) are undefined.
You can implement these steps using the snippet(s) below:

@Given(&quot;I open the MagicBricks property page for {string}&quot;)
public void i_open_the_magic_bricks_property_page_for(String string) {
    // Write code here that turns the phrase above into concrete actions
    throw new io.cucumber.java.PendingException();
}
@When(&quot;I click on the {string} heading&quot;)
public void i_click_on_the_heading(String string) {
    // Write code here that turns the phrase above into concrete actions
    throw new io.cucumber.java.PendingException();
}
@When(&quot;I click on {string} link&quot;)
public void i_click_on_link(String string) {
    // Write code here that turns the phrase above into concrete actions
    throw new io.cucumber.java.PendingException();
}
@When(&quot;I switch to the new tab&quot;)
public void i_switch_to_the_new_tab() {
    // Write code here that turns the phrase above into concrete actions
    throw new io.cucumber.java.PendingException();
}
@Then(&quot;the {string} page should load&quot;)
public void the_page_should_load(String string) {
    // Write code here that turns the phrase above into concrete actions
    throw new io.cucumber.java.PendingException();
}
@When(&quot;I view all featured developer details&quot;)
public void i_view_all_featured_developer_details() {
    // Write code here that turns the phrase above into concrete actions
    throw new io.cucumber.java.PendingException();
}
@Then(&quot;I print all developer details&quot;)
public void i_print_all_developer_details() {
    // Write code here that turns the phrase above into concrete actions
    throw new io.cucumber.java.PendingException();
}
@When(&quot;I click on {string} button&quot;)
public void i_click_on_button(String string) {
    // Write code here that turns the phrase above into concrete actions
    throw new io.cucumber.java.PendingException();
}
@Then(&quot;I print all project details in the results&quot;)
public void i_print_all_project_details_in_the_results() {
    // Write code here that turns the phrase above into concrete actions
    throw new io.cucumber.java.PendingException();
}
" type="io.cucumber.testng.UndefinedStepException">
      <![CDATA[io.cucumber.testng.UndefinedStepException: The step 'I open the MagicBricks property page for "Kolkata"' and 8 other step(s) are undefined.
You can implement these steps using the snippet(s) below:

@Given("I open the MagicBricks property page for {string}")
public void i_open_the_magic_bricks_property_page_for(String string) {
    // Write code here that turns the phrase above into concrete actions
    throw new io.cucumber.java.PendingException();
}
@When("I click on the {string} heading")
public void i_click_on_the_heading(String string) {
    // Write code here that turns the phrase above into concrete actions
    throw new io.cucumber.java.PendingException();
}
@When("I click on {string} link")
public void i_click_on_link(String string) {
    // Write code here that turns the phrase above into concrete actions
    throw new io.cucumber.java.PendingException();
}
@When("I switch to the new tab")
public void i_switch_to_the_new_tab() {
    // Write code here that turns the phrase above into concrete actions
    throw new io.cucumber.java.PendingException();
}
@Then("the {string} page should load")
public void the_page_should_load(String string) {
    // Write code here that turns the phrase above into concrete actions
    throw new io.cucumber.java.PendingException();
}
@When("I view all featured developer details")
public void i_view_all_featured_developer_details() {
    // Write code here that turns the phrase above into concrete actions
    throw new io.cucumber.java.PendingException();
}
@Then("I print all developer details")
public void i_print_all_developer_details() {
    // Write code here that turns the phrase above into concrete actions
    throw new io.cucumber.java.PendingException();
}
@When("I click on {string} button")
public void i_click_on_button(String string) {
    // Write code here that turns the phrase above into concrete actions
    throw new io.cucumber.java.PendingException();
}
@Then("I print all project details in the results")
public void i_print_all_project_details_in_the_results() {
    // Write code here that turns the phrase above into concrete actions
    throw new io.cucumber.java.PendingException();
}

at ✽.I open the MagicBricks property page for "Kolkata"(file:///C:/Users/TANISTHA/git/MagicBricks/Day_3_Deliverables/MagicBricks_Sprint_Group4/src/test/java/featureFile/Tanistha_Buy2.feature:59)
]]>
    </error>
  </testcase> <!-- runScenario -->
  <testcase classname="runnerFile.Tanistha_Buy" name="runScenario" time="0.091">
    <error message="The step &#039;I open the MagicBricks property page for &quot;Kolkata&quot;&#039; and 9 other step(s) are undefined.
You can implement these steps using the snippet(s) below:

@Given(&quot;I open the MagicBricks property page for {string}&quot;)
public void i_open_the_magic_bricks_property_page_for(String string) {
    // Write code here that turns the phrase above into concrete actions
    throw new io.cucumber.java.PendingException();
}
@When(&quot;I click on the {string} filter&quot;)
public void i_click_on_the_filter(String string) {
    // Write code here that turns the phrase above into concrete actions
    throw new io.cucumber.java.PendingException();
}
@When(&quot;I select {string} as the budget&quot;)
public void i_select_as_the_budget(String string) {
    // Write code here that turns the phrase above into concrete actions
    throw new io.cucumber.java.PendingException();
}
@When(&quot;I select maximum {string} BHK&quot;)
public void i_select_maximum_bhk(String string) {
    // Write code here that turns the phrase above into concrete actions
    throw new io.cucumber.java.PendingException();
}
@When(&quot;I click on the {string} button&quot;)
public void i_click_on_the_button(String string) {
    // Write code here that turns the phrase above into concrete actions
    throw new io.cucumber.java.PendingException();
}
@When(&quot;I click on the first property in the search results&quot;)
public void i_click_on_the_first_property_in_the_search_results() {
    // Write code here that turns the phrase above into concrete actions
    throw new io.cucumber.java.PendingException();
}
@When(&quot;I switch to the new property tab&quot;)
public void i_switch_to_the_new_property_tab() {
    // Write code here that turns the phrase above into concrete actions
    throw new io.cucumber.java.PendingException();
}
@Then(&quot;I should see the property page title&quot;)
public void i_should_see_the_property_page_title() {
    // Write code here that turns the phrase above into concrete actions
    throw new io.cucumber.java.PendingException();
}
@When(&quot;I click on {string} in the description&quot;)
public void i_click_on_in_the_description(String string) {
    // Write code here that turns the phrase above into concrete actions
    throw new io.cucumber.java.PendingException();
}
@Then(&quot;I should see the full property description&quot;)
public void i_should_see_the_full_property_description() {
    // Write code here that turns the phrase above into concrete actions
    throw new io.cucumber.java.PendingException();
}
" type="io.cucumber.testng.UndefinedStepException">
      <![CDATA[io.cucumber.testng.UndefinedStepException: The step 'I open the MagicBricks property page for "Kolkata"' and 9 other step(s) are undefined.
You can implement these steps using the snippet(s) below:

@Given("I open the MagicBricks property page for {string}")
public void i_open_the_magic_bricks_property_page_for(String string) {
    // Write code here that turns the phrase above into concrete actions
    throw new io.cucumber.java.PendingException();
}
@When("I click on the {string} filter")
public void i_click_on_the_filter(String string) {
    // Write code here that turns the phrase above into concrete actions
    throw new io.cucumber.java.PendingException();
}
@When("I select {string} as the budget")
public void i_select_as_the_budget(String string) {
    // Write code here that turns the phrase above into concrete actions
    throw new io.cucumber.java.PendingException();
}
@When("I select maximum {string} BHK")
public void i_select_maximum_bhk(String string) {
    // Write code here that turns the phrase above into concrete actions
    throw new io.cucumber.java.PendingException();
}
@When("I click on the {string} button")
public void i_click_on_the_button(String string) {
    // Write code here that turns the phrase above into concrete actions
    throw new io.cucumber.java.PendingException();
}
@When("I click on the first property in the search results")
public void i_click_on_the_first_property_in_the_search_results() {
    // Write code here that turns the phrase above into concrete actions
    throw new io.cucumber.java.PendingException();
}
@When("I switch to the new property tab")
public void i_switch_to_the_new_property_tab() {
    // Write code here that turns the phrase above into concrete actions
    throw new io.cucumber.java.PendingException();
}
@Then("I should see the property page title")
public void i_should_see_the_property_page_title() {
    // Write code here that turns the phrase above into concrete actions
    throw new io.cucumber.java.PendingException();
}
@When("I click on {string} in the description")
public void i_click_on_in_the_description(String string) {
    // Write code here that turns the phrase above into concrete actions
    throw new io.cucumber.java.PendingException();
}
@Then("I should see the full property description")
public void i_should_see_the_full_property_description() {
    // Write code here that turns the phrase above into concrete actions
    throw new io.cucumber.java.PendingException();
}

at ✽.I open the MagicBricks property page for "Kolkata"(file:///C:/Users/TANISTHA/git/MagicBricks/Day_3_Deliverables/MagicBricks_Sprint_Group4/src/test/java/featureFile/Tanistha_Buy2.feature:9)
]]>
    </error>
  </testcase> <!-- runScenario -->
  <testcase classname="runnerFile.Tanistha_Buy" name="runScenario" time="0.013">
    <error message="The step &#039;I open the MagicBricks property page for &quot;Kolkata&quot;&#039; and 10 other step(s) are undefined.
You can implement these steps using the snippet(s) below:

@Given(&quot;I open the MagicBricks property page for {string}&quot;)
public void i_open_the_magic_bricks_property_page_for(String string) {
    // Write code here that turns the phrase above into concrete actions
    throw new io.cucumber.java.PendingException();
}
@When(&quot;I click on the {string} filter&quot;)
public void i_click_on_the_filter(String string) {
    // Write code here that turns the phrase above into concrete actions
    throw new io.cucumber.java.PendingException();
}
@When(&quot;I select {string} as the budget&quot;)
public void i_select_as_the_budget(String string) {
    // Write code here that turns the phrase above into concrete actions
    throw new io.cucumber.java.PendingException();
}
@When(&quot;I select maximum {string} BHK&quot;)
public void i_select_maximum_bhk(String string) {
    // Write code here that turns the phrase above into concrete actions
    throw new io.cucumber.java.PendingException();
}
@When(&quot;I click on the {string} button&quot;)
public void i_click_on_the_button(String string) {
    // Write code here that turns the phrase above into concrete actions
    throw new io.cucumber.java.PendingException();
}
@When(&quot;I click on the first property in the search results&quot;)
public void i_click_on_the_first_property_in_the_search_results() {
    // Write code here that turns the phrase above into concrete actions
    throw new io.cucumber.java.PendingException();
}
@When(&quot;I switch to the new property tab&quot;)
public void i_switch_to_the_new_property_tab() {
    // Write code here that turns the phrase above into concrete actions
    throw new io.cucumber.java.PendingException();
}
@Then(&quot;I should see the property page title&quot;)
public void i_should_see_the_property_page_title() {
    // Write code here that turns the phrase above into concrete actions
    throw new io.cucumber.java.PendingException();
}
@When(&quot;I click on the header link to select another budget&quot;)
public void i_click_on_the_header_link_to_select_another_budget() {
    // Write code here that turns the phrase above into concrete actions
    throw new io.cucumber.java.PendingException();
}
@When(&quot;I select budget {string}&quot;)
public void i_select_budget(String string) {
    // Write code here that turns the phrase above into concrete actions
    throw new io.cucumber.java.PendingException();
}
@Then(&quot;a new tab should open&quot;)
public void a_new_tab_should_open() {
    // Write code here that turns the phrase above into concrete actions
    throw new io.cucumber.java.PendingException();
}
" type="io.cucumber.testng.UndefinedStepException">
      <![CDATA[io.cucumber.testng.UndefinedStepException: The step 'I open the MagicBricks property page for "Kolkata"' and 10 other step(s) are undefined.
You can implement these steps using the snippet(s) below:

@Given("I open the MagicBricks property page for {string}")
public void i_open_the_magic_bricks_property_page_for(String string) {
    // Write code here that turns the phrase above into concrete actions
    throw new io.cucumber.java.PendingException();
}
@When("I click on the {string} filter")
public void i_click_on_the_filter(String string) {
    // Write code here that turns the phrase above into concrete actions
    throw new io.cucumber.java.PendingException();
}
@When("I select {string} as the budget")
public void i_select_as_the_budget(String string) {
    // Write code here that turns the phrase above into concrete actions
    throw new io.cucumber.java.PendingException();
}
@When("I select maximum {string} BHK")
public void i_select_maximum_bhk(String string) {
    // Write code here that turns the phrase above into concrete actions
    throw new io.cucumber.java.PendingException();
}
@When("I click on the {string} button")
public void i_click_on_the_button(String string) {
    // Write code here that turns the phrase above into concrete actions
    throw new io.cucumber.java.PendingException();
}
@When("I click on the first property in the search results")
public void i_click_on_the_first_property_in_the_search_results() {
    // Write code here that turns the phrase above into concrete actions
    throw new io.cucumber.java.PendingException();
}
@When("I switch to the new property tab")
public void i_switch_to_the_new_property_tab() {
    // Write code here that turns the phrase above into concrete actions
    throw new io.cucumber.java.PendingException();
}
@Then("I should see the property page title")
public void i_should_see_the_property_page_title() {
    // Write code here that turns the phrase above into concrete actions
    throw new io.cucumber.java.PendingException();
}
@When("I click on the header link to select another budget")
public void i_click_on_the_header_link_to_select_another_budget() {
    // Write code here that turns the phrase above into concrete actions
    throw new io.cucumber.java.PendingException();
}
@When("I select budget {string}")
public void i_select_budget(String string) {
    // Write code here that turns the phrase above into concrete actions
    throw new io.cucumber.java.PendingException();
}
@Then("a new tab should open")
public void a_new_tab_should_open() {
    // Write code here that turns the phrase above into concrete actions
    throw new io.cucumber.java.PendingException();
}

at ✽.I open the MagicBricks property page for "Kolkata"(file:///C:/Users/TANISTHA/git/MagicBricks/Day_3_Deliverables/MagicBricks_Sprint_Group4/src/test/java/featureFile/Tanistha_Buy2.feature:21)
]]>
    </error>
  </testcase> <!-- runScenario -->
  <testcase classname="runnerFile.Tanistha_Buy" name="runScenario" time="0.004">
    <error message="The step &#039;I open the MagicBricks property page for &quot;Kolkata&quot;&#039; and 5 other step(s) are undefined.
You can implement these steps using the snippet(s) below:

@Given(&quot;I open the MagicBricks property page for {string}&quot;)
public void i_open_the_magic_bricks_property_page_for(String string) {
    // Write code here that turns the phrase above into concrete actions
    throw new io.cucumber.java.PendingException();
}
@When(&quot;I navigate to the {string} page&quot;)
public void i_navigate_to_the_page(String string) {
    // Write code here that turns the phrase above into concrete actions
    throw new io.cucumber.java.PendingException();
}
@When(&quot;I click on the locality input field&quot;)
public void i_click_on_the_locality_input_field() {
    // Write code here that turns the phrase above into concrete actions
    throw new io.cucumber.java.PendingException();
}
@When(&quot;I enter the locality from Excel&quot;)
public void i_enter_the_locality_from_excel() {
    // Write code here that turns the phrase above into concrete actions
    throw new io.cucumber.java.PendingException();
}
@Then(&quot;I should see a list of suggested localities&quot;)
public void i_should_see_a_list_of_suggested_localities() {
    // Write code here that turns the phrase above into concrete actions
    throw new io.cucumber.java.PendingException();
}
@Then(&quot;I print all suggestions&quot;)
public void i_print_all_suggestions() {
    // Write code here that turns the phrase above into concrete actions
    throw new io.cucumber.java.PendingException();
}
" type="io.cucumber.testng.UndefinedStepException">
      <![CDATA[io.cucumber.testng.UndefinedStepException: The step 'I open the MagicBricks property page for "Kolkata"' and 5 other step(s) are undefined.
You can implement these steps using the snippet(s) below:

@Given("I open the MagicBricks property page for {string}")
public void i_open_the_magic_bricks_property_page_for(String string) {
    // Write code here that turns the phrase above into concrete actions
    throw new io.cucumber.java.PendingException();
}
@When("I navigate to the {string} page")
public void i_navigate_to_the_page(String string) {
    // Write code here that turns the phrase above into concrete actions
    throw new io.cucumber.java.PendingException();
}
@When("I click on the locality input field")
public void i_click_on_the_locality_input_field() {
    // Write code here that turns the phrase above into concrete actions
    throw new io.cucumber.java.PendingException();
}
@When("I enter the locality from Excel")
public void i_enter_the_locality_from_excel() {
    // Write code here that turns the phrase above into concrete actions
    throw new io.cucumber.java.PendingException();
}
@Then("I should see a list of suggested localities")
public void i_should_see_a_list_of_suggested_localities() {
    // Write code here that turns the phrase above into concrete actions
    throw new io.cucumber.java.PendingException();
}
@Then("I print all suggestions")
public void i_print_all_suggestions() {
    // Write code here that turns the phrase above into concrete actions
    throw new io.cucumber.java.PendingException();
}

at ✽.I open the MagicBricks property page for "Kolkata"(file:///C:/Users/TANISTHA/git/MagicBricks/Day_3_Deliverables/MagicBricks_Sprint_Group4/src/test/java/featureFile/Tanistha_Buy2.feature:38)
]]>
    </error>
  </testcase> <!-- runScenario -->
  <testcase classname="runnerFile.Tanistha_Buy" name="runScenario" time="0.009">
    <error message="The step &#039;I open the MagicBricks property page for &quot;Kolkata&quot;&#039; and 10 other step(s) are undefined.
You can implement these steps using the snippet(s) below:

@Given(&quot;I open the MagicBricks property page for {string}&quot;)
public void i_open_the_magic_bricks_property_page_for(String string) {
    // Write code here that turns the phrase above into concrete actions
    throw new io.cucumber.java.PendingException();
}
@When(&quot;I click on the {string} heading&quot;)
public void i_click_on_the_heading(String string) {
    // Write code here that turns the phrase above into concrete actions
    throw new io.cucumber.java.PendingException();
}
@When(&quot;I click on {string} link&quot;)
public void i_click_on_link(String string) {
    // Write code here that turns the phrase above into concrete actions
    throw new io.cucumber.java.PendingException();
}
@When(&quot;I switch to the new tab&quot;)
public void i_switch_to_the_new_tab() {
    // Write code here that turns the phrase above into concrete actions
    throw new io.cucumber.java.PendingException();
}
@Then(&quot;the {string} page should load&quot;)
public void the_page_should_load(String string) {
    // Write code here that turns the phrase above into concrete actions
    throw new io.cucumber.java.PendingException();
}
@When(&quot;I click on {string} for the first agent&quot;)
public void i_click_on_for_the_first_agent(String string) {
    // Write code here that turns the phrase above into concrete actions
    throw new io.cucumber.java.PendingException();
}
@When(&quot;I fill the contact form with name, email, and mobile from Excel&quot;)
public void i_fill_the_contact_form_with_name_email_and_mobile_from_excel() {
    // Write code here that turns the phrase above into concrete actions
    throw new io.cucumber.java.PendingException();
}
@When(&quot;I click on {string} button&quot;)
public void i_click_on_button(String string) {
    // Write code here that turns the phrase above into concrete actions
    throw new io.cucumber.java.PendingException();
}
@Then(&quot;the OTP field should appear&quot;)
public void the_otp_field_should_appear() {
    // Write code here that turns the phrase above into concrete actions
    throw new io.cucumber.java.PendingException();
}
@When(&quot;I enter OTP manually&quot;)
public void i_enter_otp_manually() {
    // Write code here that turns the phrase above into concrete actions
    throw new io.cucumber.java.PendingException();
}
" type="io.cucumber.testng.UndefinedStepException">
      <![CDATA[io.cucumber.testng.UndefinedStepException: The step 'I open the MagicBricks property page for "Kolkata"' and 10 other step(s) are undefined.
You can implement these steps using the snippet(s) below:

@Given("I open the MagicBricks property page for {string}")
public void i_open_the_magic_bricks_property_page_for(String string) {
    // Write code here that turns the phrase above into concrete actions
    throw new io.cucumber.java.PendingException();
}
@When("I click on the {string} heading")
public void i_click_on_the_heading(String string) {
    // Write code here that turns the phrase above into concrete actions
    throw new io.cucumber.java.PendingException();
}
@When("I click on {string} link")
public void i_click_on_link(String string) {
    // Write code here that turns the phrase above into concrete actions
    throw new io.cucumber.java.PendingException();
}
@When("I switch to the new tab")
public void i_switch_to_the_new_tab() {
    // Write code here that turns the phrase above into concrete actions
    throw new io.cucumber.java.PendingException();
}
@Then("the {string} page should load")
public void the_page_should_load(String string) {
    // Write code here that turns the phrase above into concrete actions
    throw new io.cucumber.java.PendingException();
}
@When("I click on {string} for the first agent")
public void i_click_on_for_the_first_agent(String string) {
    // Write code here that turns the phrase above into concrete actions
    throw new io.cucumber.java.PendingException();
}
@When("I fill the contact form with name, email, and mobile from Excel")
public void i_fill_the_contact_form_with_name_email_and_mobile_from_excel() {
    // Write code here that turns the phrase above into concrete actions
    throw new io.cucumber.java.PendingException();
}
@When("I click on {string} button")
public void i_click_on_button(String string) {
    // Write code here that turns the phrase above into concrete actions
    throw new io.cucumber.java.PendingException();
}
@Then("the OTP field should appear")
public void the_otp_field_should_appear() {
    // Write code here that turns the phrase above into concrete actions
    throw new io.cucumber.java.PendingException();
}
@When("I enter OTP manually")
public void i_enter_otp_manually() {
    // Write code here that turns the phrase above into concrete actions
    throw new io.cucumber.java.PendingException();
}

at ✽.I open the MagicBricks property page for "Kolkata"(file:///C:/Users/TANISTHA/git/MagicBricks/Day_3_Deliverables/MagicBricks_Sprint_Group4/src/test/java/featureFile/Tanistha_Buy2.feature:96)
]]>
    </error>
  </testcase> <!-- runScenario -->
  <testcase classname="runnerFile.Tanistha_Buy" name="runScenario" time="0.006">
    <error message="The step &#039;I open the MagicBricks property page for &quot;Kolkata&quot;&#039; and 6 other step(s) are undefined.
You can implement these steps using the snippet(s) below:

@Given(&quot;I open the MagicBricks property page for {string}&quot;)
public void i_open_the_magic_bricks_property_page_for(String string) {
    // Write code here that turns the phrase above into concrete actions
    throw new io.cucumber.java.PendingException();
}
@When(&quot;I navigate to the {string} page&quot;)
public void i_navigate_to_the_page(String string) {
    // Write code here that turns the phrase above into concrete actions
    throw new io.cucumber.java.PendingException();
}
@When(&quot;I click on the locality input field&quot;)
public void i_click_on_the_locality_input_field() {
    // Write code here that turns the phrase above into concrete actions
    throw new io.cucumber.java.PendingException();
}
@When(&quot;I enter the locality from Excel&quot;)
public void i_enter_the_locality_from_excel() {
    // Write code here that turns the phrase above into concrete actions
    throw new io.cucumber.java.PendingException();
}
@When(&quot;I select the first suggested locality&quot;)
public void i_select_the_first_suggested_locality() {
    // Write code here that turns the phrase above into concrete actions
    throw new io.cucumber.java.PendingException();
}
@Then(&quot;I should see the selected locality name&quot;)
public void i_should_see_the_selected_locality_name() {
    // Write code here that turns the phrase above into concrete actions
    throw new io.cucumber.java.PendingException();
}
@When(&quot;I click on the {string} link for the locality&quot;)
public void i_click_on_the_link_for_the_locality(String string) {
    // Write code here that turns the phrase above into concrete actions
    throw new io.cucumber.java.PendingException();
}
" type="io.cucumber.testng.UndefinedStepException">
      <![CDATA[io.cucumber.testng.UndefinedStepException: The step 'I open the MagicBricks property page for "Kolkata"' and 6 other step(s) are undefined.
You can implement these steps using the snippet(s) below:

@Given("I open the MagicBricks property page for {string}")
public void i_open_the_magic_bricks_property_page_for(String string) {
    // Write code here that turns the phrase above into concrete actions
    throw new io.cucumber.java.PendingException();
}
@When("I navigate to the {string} page")
public void i_navigate_to_the_page(String string) {
    // Write code here that turns the phrase above into concrete actions
    throw new io.cucumber.java.PendingException();
}
@When("I click on the locality input field")
public void i_click_on_the_locality_input_field() {
    // Write code here that turns the phrase above into concrete actions
    throw new io.cucumber.java.PendingException();
}
@When("I enter the locality from Excel")
public void i_enter_the_locality_from_excel() {
    // Write code here that turns the phrase above into concrete actions
    throw new io.cucumber.java.PendingException();
}
@When("I select the first suggested locality")
public void i_select_the_first_suggested_locality() {
    // Write code here that turns the phrase above into concrete actions
    throw new io.cucumber.java.PendingException();
}
@Then("I should see the selected locality name")
public void i_should_see_the_selected_locality_name() {
    // Write code here that turns the phrase above into concrete actions
    throw new io.cucumber.java.PendingException();
}
@When("I click on the {string} link for the locality")
public void i_click_on_the_link_for_the_locality(String string) {
    // Write code here that turns the phrase above into concrete actions
    throw new io.cucumber.java.PendingException();
}

at ✽.I open the MagicBricks property page for "Kolkata"(file:///C:/Users/TANISTHA/git/MagicBricks/Day_3_Deliverables/MagicBricks_Sprint_Group4/src/test/java/featureFile/Tanistha_Buy2.feature:46)
]]>
    </error>
  </testcase> <!-- runScenario -->
  <testcase classname="runnerFile.Tanistha_Buy" name="runScenario" time="0.008">
    <error message="The step &#039;I open the MagicBricks property page for &quot;Kolkata&quot;&#039; and 8 other step(s) are undefined.
You can implement these steps using the snippet(s) below:

@Given(&quot;I open the MagicBricks property page for {string}&quot;)
public void i_open_the_magic_bricks_property_page_for(String string) {
    // Write code here that turns the phrase above into concrete actions
    throw new io.cucumber.java.PendingException();
}
@When(&quot;I click on the {string} heading&quot;)
public void i_click_on_the_heading(String string) {
    // Write code here that turns the phrase above into concrete actions
    throw new io.cucumber.java.PendingException();
}
@When(&quot;I click on {string} link&quot;)
public void i_click_on_link(String string) {
    // Write code here that turns the phrase above into concrete actions
    throw new io.cucumber.java.PendingException();
}
@When(&quot;I switch to the new tab&quot;)
public void i_switch_to_the_new_tab() {
    // Write code here that turns the phrase above into concrete actions
    throw new io.cucumber.java.PendingException();
}
@Then(&quot;the {string} page should load&quot;)
public void the_page_should_load(String string) {
    // Write code here that turns the phrase above into concrete actions
    throw new io.cucumber.java.PendingException();
}
@When(&quot;I click on the {string} filter&quot;)
public void i_click_on_the_filter(String string) {
    // Write code here that turns the phrase above into concrete actions
    throw new io.cucumber.java.PendingException();
}
@When(&quot;I select a specific property type&quot;)
public void i_select_a_specific_property_type() {
    // Write code here that turns the phrase above into concrete actions
    throw new io.cucumber.java.PendingException();
}
@When(&quot;I click on {string} button&quot;)
public void i_click_on_button(String string) {
    // Write code here that turns the phrase above into concrete actions
    throw new io.cucumber.java.PendingException();
}
@Then(&quot;I should see the selected property type&quot;)
public void i_should_see_the_selected_property_type() {
    // Write code here that turns the phrase above into concrete actions
    throw new io.cucumber.java.PendingException();
}
" type="io.cucumber.testng.UndefinedStepException">
      <![CDATA[io.cucumber.testng.UndefinedStepException: The step 'I open the MagicBricks property page for "Kolkata"' and 8 other step(s) are undefined.
You can implement these steps using the snippet(s) below:

@Given("I open the MagicBricks property page for {string}")
public void i_open_the_magic_bricks_property_page_for(String string) {
    // Write code here that turns the phrase above into concrete actions
    throw new io.cucumber.java.PendingException();
}
@When("I click on the {string} heading")
public void i_click_on_the_heading(String string) {
    // Write code here that turns the phrase above into concrete actions
    throw new io.cucumber.java.PendingException();
}
@When("I click on {string} link")
public void i_click_on_link(String string) {
    // Write code here that turns the phrase above into concrete actions
    throw new io.cucumber.java.PendingException();
}
@When("I switch to the new tab")
public void i_switch_to_the_new_tab() {
    // Write code here that turns the phrase above into concrete actions
    throw new io.cucumber.java.PendingException();
}
@Then("the {string} page should load")
public void the_page_should_load(String string) {
    // Write code here that turns the phrase above into concrete actions
    throw new io.cucumber.java.PendingException();
}
@When("I click on the {string} filter")
public void i_click_on_the_filter(String string) {
    // Write code here that turns the phrase above into concrete actions
    throw new io.cucumber.java.PendingException();
}
@When("I select a specific property type")
public void i_select_a_specific_property_type() {
    // Write code here that turns the phrase above into concrete actions
    throw new io.cucumber.java.PendingException();
}
@When("I click on {string} button")
public void i_click_on_button(String string) {
    // Write code here that turns the phrase above into concrete actions
    throw new io.cucumber.java.PendingException();
}
@Then("I should see the selected property type")
public void i_should_see_the_selected_property_type() {
    // Write code here that turns the phrase above into concrete actions
    throw new io.cucumber.java.PendingException();
}

at ✽.I open the MagicBricks property page for "Kolkata"(file:///C:/Users/TANISTHA/git/MagicBricks/Day_3_Deliverables/MagicBricks_Sprint_Group4/src/test/java/featureFile/Tanistha_Buy2.feature:70)
]]>
    </error>
  </testcase> <!-- runScenario -->
</testsuite> <!-- runnerFile.Tanistha_Buy -->
