<?xml version="1.0" encoding="UTF-8"?>
<!-- Generated by org.testng.reporters.JUnitReportReporter -->
<testsuite hostname="DESKTOP-NIGR32H" failures="0" tests="2" name="runnerFile.LocalityBuyRunner" time="24.520" errors="0" timestamp="2026-03-28T13:13:30 IST" skipped="0">
  <testcase classname="runnerFile.LocalityBuyRunner" name="runScenario" time="11.092"/>
  <testcase classname="runnerFile.LocalityBuyRunner" name="runScenario" time="13.428"/>
</testsuite> <!-- runnerFile.LocalityBuyRunner -->
