<?xml version="1.0" encoding="UTF-8"?>
<!-- Generated by org.testng.reporters.JUnitReportReporter -->
<testsuite hostname="DESKTOP-NIGR32H" failures="0" tests="2" name="runnerFile.LocalityRunner" time="34.185" errors="1" timestamp="2026-03-28T11:48:27 IST" skipped="0">
  <testcase classname="runnerFile.LocalityRunner" name="runScenario" time="18.868">
    <error message="Remote browser did not respond to getCurrentUrl
Build info: version: &#039;4.38.0&#039;, revision: &#039;6b412e825c*&#039;
System info: os.name: &#039;Windows 11&#039;, os.arch: &#039;amd64&#039;, os.version: &#039;10.0&#039;, java.version: &#039;23.0.1&#039;
Driver info: driver.version: RemoteWebDriver" type="org.openqa.selenium.WebDriverException">
      <![CDATA[org.openqa.selenium.WebDriverException: Remote browser did not respond to getCurrentUrl
Build info: version: '4.38.0', revision: '6b412e825c*'
System info: os.name: 'Windows 11', os.arch: 'amd64', os.version: '10.0', java.version: '23.0.1'
Driver info: driver.version: RemoteWebDriver
at org.openqa.selenium.remote.RemoteWebDriver.getCurrentUrl(RemoteWebDriver.java:339)
at stepDefinition.LocalityStep.the_properties_for_the_selected_locality_should_be_displayed(LocalityStep.java:85)
at ✽.the properties for the selected locality should be displayed(file:///C:/Users/TANISTHA/git/MagicBricks/Day_3_Deliverables/MagicBricks_Sprint_Group4/src/test/java/featureFile/Locality.feature:24)
]]>
    </error>
  </testcase> <!-- runScenario -->
  <testcase classname="runnerFile.LocalityRunner" name="runScenario" time="15.317"/>
</testsuite> <!-- runnerFile.LocalityRunner -->
