<?xml version="1.0" encoding="UTF-8"?>
<!-- Generated by org.testng.reporters.JUnitReportReporter -->
<testsuite hostname="DESKTOP-NIGR32H" failures="0" tests="4" name="runnerFile.Tanistha_Buy" time="0.244" errors="4" timestamp="2026-03-26T10:20:39 IST" skipped="0">
  <testcase classname="runnerFile.Tanistha_Buy" name="runScenario" time="0.019">
    <error message="The step &#039;I open the MagicBricks website for &quot;Kolkata&quot;&#039; and 7 other step(s) are undefined.
You can implement these steps using the snippet(s) below:

@Given(&quot;I open the MagicBricks website for {string}&quot;)
public void i_open_the_magic_bricks_website_for(String string) {
    // Write code here that turns the phrase above into concrete actions
    throw new io.cucumber.java.PendingException();
}
@When(&quot;I navigate to {string} page&quot;)
public void i_navigate_to_page(String string) {
    // Write code here that turns the phrase above into concrete actions
    throw new io.cucumber.java.PendingException();
}
@When(&quot;I select the first agent and {string}&quot;)
public void i_select_the_first_agent_and(String string) {
    // Write code here that turns the phrase above into concrete actions
    throw new io.cucumber.java.PendingException();
}
@When(&quot;I fill contact form with name {string}, email {string}, mobile {string}&quot;)
public void i_fill_contact_form_with_name_email_mobile(String string, String string2, String string3) {
    // Write code here that turns the phrase above into concrete actions
    throw new io.cucumber.java.PendingException();
}
@When(&quot;I submit contact form&quot;)
public void i_submit_contact_form() {
    // Write code here that turns the phrase above into concrete actions
    throw new io.cucumber.java.PendingException();
}
@Then(&quot;I wait for OTP field&quot;)
public void i_wait_for_otp_field() {
    // Write code here that turns the phrase above into concrete actions
    throw new io.cucumber.java.PendingException();
}
@Then(&quot;I enter OTP manually&quot;)
public void i_enter_otp_manually() {
    // Write code here that turns the phrase above into concrete actions
    throw new io.cucumber.java.PendingException();
}
@When(&quot;I verify OTP&quot;)
public void i_verify_otp() {
    // Write code here that turns the phrase above into concrete actions
    throw new io.cucumber.java.PendingException();
}
" type="io.cucumber.testng.UndefinedStepException">
      <![CDATA[io.cucumber.testng.UndefinedStepException: The step 'I open the MagicBricks website for "Kolkata"' and 7 other step(s) are undefined.
You can implement these steps using the snippet(s) below:

@Given("I open the MagicBricks website for {string}")
public void i_open_the_magic_bricks_website_for(String string) {
    // Write code here that turns the phrase above into concrete actions
    throw new io.cucumber.java.PendingException();
}
@When("I navigate to {string} page")
public void i_navigate_to_page(String string) {
    // Write code here that turns the phrase above into concrete actions
    throw new io.cucumber.java.PendingException();
}
@When("I select the first agent and {string}")
public void i_select_the_first_agent_and(String string) {
    // Write code here that turns the phrase above into concrete actions
    throw new io.cucumber.java.PendingException();
}
@When("I fill contact form with name {string}, email {string}, mobile {string}")
public void i_fill_contact_form_with_name_email_mobile(String string, String string2, String string3) {
    // Write code here that turns the phrase above into concrete actions
    throw new io.cucumber.java.PendingException();
}
@When("I submit contact form")
public void i_submit_contact_form() {
    // Write code here that turns the phrase above into concrete actions
    throw new io.cucumber.java.PendingException();
}
@Then("I wait for OTP field")
public void i_wait_for_otp_field() {
    // Write code here that turns the phrase above into concrete actions
    throw new io.cucumber.java.PendingException();
}
@Then("I enter OTP manually")
public void i_enter_otp_manually() {
    // Write code here that turns the phrase above into concrete actions
    throw new io.cucumber.java.PendingException();
}
@When("I verify OTP")
public void i_verify_otp() {
    // Write code here that turns the phrase above into concrete actions
    throw new io.cucumber.java.PendingException();
}

at ✽.I open the MagicBricks website for "Kolkata"(file:///C:/Users/TANISTHA/git/MagicBricks/Day_3_Deliverables/MagicBricks_Sprint_Group4/src/test/java/featureFile/Tanistha_Buy2.feature:34)
]]>
    </error>
  </testcase> <!-- runScenario -->
  <testcase classname="runnerFile.Tanistha_Buy" name="runScenario" time="0.195">
    <error message="The step &#039;I open the MagicBricks website for &quot;Kolkata&quot;&#039; and 5 other step(s) are undefined.
You can implement these steps using the snippet(s) below:

@Given(&quot;I open the MagicBricks website for {string}&quot;)
public void i_open_the_magic_bricks_website_for(String string) {
    // Write code here that turns the phrase above into concrete actions
    throw new io.cucumber.java.PendingException();
}
@When(&quot;I apply budget filter from {string} to {string}&quot;)
public void i_apply_budget_filter_from_to(String string, String string2) {
    // Write code here that turns the phrase above into concrete actions
    throw new io.cucumber.java.PendingException();
}
@When(&quot;I click the search button&quot;)
public void i_click_the_search_button() {
    // Write code here that turns the phrase above into concrete actions
    throw new io.cucumber.java.PendingException();
}
@Then(&quot;I should see the property listings&quot;)
public void i_should_see_the_property_listings() {
    // Write code here that turns the phrase above into concrete actions
    throw new io.cucumber.java.PendingException();
}
@When(&quot;I open the first property&quot;)
public void i_open_the_first_property() {
    // Write code here that turns the phrase above into concrete actions
    throw new io.cucumber.java.PendingException();
}
@When(&quot;I read full property description&quot;)
public void i_read_full_property_description() {
    // Write code here that turns the phrase above into concrete actions
    throw new io.cucumber.java.PendingException();
}
" type="io.cucumber.testng.UndefinedStepException">
      <![CDATA[io.cucumber.testng.UndefinedStepException: The step 'I open the MagicBricks website for "Kolkata"' and 5 other step(s) are undefined.
You can implement these steps using the snippet(s) below:

@Given("I open the MagicBricks website for {string}")
public void i_open_the_magic_bricks_website_for(String string) {
    // Write code here that turns the phrase above into concrete actions
    throw new io.cucumber.java.PendingException();
}
@When("I apply budget filter from {string} to {string}")
public void i_apply_budget_filter_from_to(String string, String string2) {
    // Write code here that turns the phrase above into concrete actions
    throw new io.cucumber.java.PendingException();
}
@When("I click the search button")
public void i_click_the_search_button() {
    // Write code here that turns the phrase above into concrete actions
    throw new io.cucumber.java.PendingException();
}
@Then("I should see the property listings")
public void i_should_see_the_property_listings() {
    // Write code here that turns the phrase above into concrete actions
    throw new io.cucumber.java.PendingException();
}
@When("I open the first property")
public void i_open_the_first_property() {
    // Write code here that turns the phrase above into concrete actions
    throw new io.cucumber.java.PendingException();
}
@When("I read full property description")
public void i_read_full_property_description() {
    // Write code here that turns the phrase above into concrete actions
    throw new io.cucumber.java.PendingException();
}

at ✽.I open the MagicBricks website for "Kolkata"(file:///C:/Users/TANISTHA/git/MagicBricks/Day_3_Deliverables/MagicBricks_Sprint_Group4/src/test/java/featureFile/Tanistha_Buy2.feature:8)
]]>
    </error>
  </testcase> <!-- runScenario -->
  <testcase classname="runnerFile.Tanistha_Buy" name="runScenario" time="0.017">
    <error message="The step &#039;I open the MagicBricks website for &quot;Kolkata&quot;&#039; and 5 other step(s) are undefined.
You can implement these steps using the snippet(s) below:

@Given(&quot;I open the MagicBricks website for {string}&quot;)
public void i_open_the_magic_bricks_website_for(String string) {
    // Write code here that turns the phrase above into concrete actions
    throw new io.cucumber.java.PendingException();
}
@When(&quot;I navigate to {string} page&quot;)
public void i_navigate_to_page(String string) {
    // Write code here that turns the phrase above into concrete actions
    throw new io.cucumber.java.PendingException();
}
@When(&quot;I search for locality {string}&quot;)
public void i_search_for_locality(String string) {
    // Write code here that turns the phrase above into concrete actions
    throw new io.cucumber.java.PendingException();
}
@When(&quot;I select the first suggestion&quot;)
public void i_select_the_first_suggestion() {
    // Write code here that turns the phrase above into concrete actions
    throw new io.cucumber.java.PendingException();
}
@Then(&quot;I should see the title of the first locality card&quot;)
public void i_should_see_the_title_of_the_first_locality_card() {
    // Write code here that turns the phrase above into concrete actions
    throw new io.cucumber.java.PendingException();
}
@When(&quot;I explore the first locality card&quot;)
public void i_explore_the_first_locality_card() {
    // Write code here that turns the phrase above into concrete actions
    throw new io.cucumber.java.PendingException();
}
" type="io.cucumber.testng.UndefinedStepException">
      <![CDATA[io.cucumber.testng.UndefinedStepException: The step 'I open the MagicBricks website for "Kolkata"' and 5 other step(s) are undefined.
You can implement these steps using the snippet(s) below:

@Given("I open the MagicBricks website for {string}")
public void i_open_the_magic_bricks_website_for(String string) {
    // Write code here that turns the phrase above into concrete actions
    throw new io.cucumber.java.PendingException();
}
@When("I navigate to {string} page")
public void i_navigate_to_page(String string) {
    // Write code here that turns the phrase above into concrete actions
    throw new io.cucumber.java.PendingException();
}
@When("I search for locality {string}")
public void i_search_for_locality(String string) {
    // Write code here that turns the phrase above into concrete actions
    throw new io.cucumber.java.PendingException();
}
@When("I select the first suggestion")
public void i_select_the_first_suggestion() {
    // Write code here that turns the phrase above into concrete actions
    throw new io.cucumber.java.PendingException();
}
@Then("I should see the title of the first locality card")
public void i_should_see_the_title_of_the_first_locality_card() {
    // Write code here that turns the phrase above into concrete actions
    throw new io.cucumber.java.PendingException();
}
@When("I explore the first locality card")
public void i_explore_the_first_locality_card() {
    // Write code here that turns the phrase above into concrete actions
    throw new io.cucumber.java.PendingException();
}

at ✽.I open the MagicBricks website for "Kolkata"(file:///C:/Users/TANISTHA/git/MagicBricks/Day_3_Deliverables/MagicBricks_Sprint_Group4/src/test/java/featureFile/Tanistha_Buy2.feature:17)
]]>
    </error>
  </testcase> <!-- runScenario -->
  <testcase classname="runnerFile.Tanistha_Buy" name="runScenario" time="0.013">
    <error message="The step &#039;I open the MagicBricks website for &quot;Kolkata&quot;&#039; and 4 other step(s) are undefined.
You can implement these steps using the snippet(s) below:

@Given(&quot;I open the MagicBricks website for {string}&quot;)
public void i_open_the_magic_bricks_website_for(String string) {
    // Write code here that turns the phrase above into concrete actions
    throw new io.cucumber.java.PendingException();
}
@When(&quot;I navigate to {string} page&quot;)
public void i_navigate_to_page(String string) {
    // Write code here that turns the phrase above into concrete actions
    throw new io.cucumber.java.PendingException();
}
@When(&quot;I select property type {string}&quot;)
public void i_select_property_type(String string) {
    // Write code here that turns the phrase above into concrete actions
    throw new io.cucumber.java.PendingException();
}
@When(&quot;I click the search button&quot;)
public void i_click_the_search_button() {
    // Write code here that turns the phrase above into concrete actions
    throw new io.cucumber.java.PendingException();
}
@Then(&quot;I should see the selected property type in results&quot;)
public void i_should_see_the_selected_property_type_in_results() {
    // Write code here that turns the phrase above into concrete actions
    throw new io.cucumber.java.PendingException();
}
" type="io.cucumber.testng.UndefinedStepException">
      <![CDATA[io.cucumber.testng.UndefinedStepException: The step 'I open the MagicBricks website for "Kolkata"' and 4 other step(s) are undefined.
You can implement these steps using the snippet(s) below:

@Given("I open the MagicBricks website for {string}")
public void i_open_the_magic_bricks_website_for(String string) {
    // Write code here that turns the phrase above into concrete actions
    throw new io.cucumber.java.PendingException();
}
@When("I navigate to {string} page")
public void i_navigate_to_page(String string) {
    // Write code here that turns the phrase above into concrete actions
    throw new io.cucumber.java.PendingException();
}
@When("I select property type {string}")
public void i_select_property_type(String string) {
    // Write code here that turns the phrase above into concrete actions
    throw new io.cucumber.java.PendingException();
}
@When("I click the search button")
public void i_click_the_search_button() {
    // Write code here that turns the phrase above into concrete actions
    throw new io.cucumber.java.PendingException();
}
@Then("I should see the selected property type in results")
public void i_should_see_the_selected_property_type_in_results() {
    // Write code here that turns the phrase above into concrete actions
    throw new io.cucumber.java.PendingException();
}

at ✽.I open the MagicBricks website for "Kolkata"(file:///C:/Users/TANISTHA/git/MagicBricks/Day_3_Deliverables/MagicBricks_Sprint_Group4/src/test/java/featureFile/Tanistha_Buy2.feature:26)
]]>
    </error>
  </testcase> <!-- runScenario -->
</testsuite> <!-- runnerFile.Tanistha_Buy -->
