<?xml version="1.0" encoding="UTF-8"?>
<!-- Generated by org.testng.reporters.JUnitReportReporter -->
<testsuite hostname="DESKTOP-NIGR32H" failures="0" tests="2" name="runnerFile_Tanistha.LocalityBuyRunner" time="145.799" errors="0" timestamp="2026-03-28T22:13:10 IST" skipped="0">
  <testcase classname="runnerFile_Tanistha.LocalityBuyRunner" name="runScenario" time="69.827"/>
  <testcase classname="runnerFile_Tanistha.LocalityBuyRunner" name="runScenario" time="75.972"/>
</testsuite> <!-- runnerFile_Tanistha.LocalityBuyRunner -->
