<?xml version="1.0" encoding="UTF-8"?>
<!-- Generated by org.testng.reporters.JUnitReportReporter -->
<testsuite hostname="DESKTOP-NIGR32H" failures="0" tests="2" name="runnerFile.LocalityBuyRunner" time="123.170" errors="0" timestamp="2026-03-28T21:25:34 IST" skipped="0">
  <testcase classname="runnerFile.LocalityBuyRunner" name="runScenario" time="59.000"/>
  <testcase classname="runnerFile.LocalityBuyRunner" name="runScenario" time="64.170"/>
</testsuite> <!-- runnerFile.LocalityBuyRunner -->
