<?xml version="1.0" encoding="UTF-8"?>
<testng-results ignored="0" total="17" passed="13" failed="4" skipped="0">
  <reporter-output>
  </reporter-output>
  <suite started-at="2026-03-29T20:30:34 IST" name="FakeStore API Suite" finished-at="2026-03-29T20:30:49 IST" duration-ms="15377">
    <groups>
    </groups>
    <test started-at="2026-03-29T20:30:34 IST" name="Auth" finished-at="2026-03-29T20:30:39 IST" duration-ms="5167">
      <class name="tests.AuthTests">
        <test-method signature="TC_AUTH_01_validCredentials_return200WithToken()[pri:1, instance:tests.AuthTests@cb0755b]" started-at="2026-03-29T20:30:34 IST" name="TC_AUTH_01_validCredentials_return200WithToken" finished-at="2026-03-29T20:30:37 IST" duration-ms="3729" status="FAIL">
          <exception class="java.lang.AssertionError">
            <message>
              <![CDATA[1 expectation failed.
Expected status code <200> but was <401>.
]]>
            </message>
            <full-stacktrace>
              <![CDATA[java.lang.AssertionError: 1 expectation failed.
Expected status code <200> but was <401>.

at org.codehaus.groovy.vmplugin.v8.IndyInterface.fromCache(IndyInterface.java:344)
at io.restassured.internal.ResponseSpecificationImpl$HamcrestAssertionClosure.validate(ResponseSpecificationImpl.groovy:516)
at org.codehaus.groovy.vmplugin.v8.IndyInterface.fromCache(IndyInterface.java:344)
at io.restassured.internal.ResponseSpecificationImpl.validateResponseIfRequired(ResponseSpecificationImpl.groovy:714)
at org.codehaus.groovy.vmplugin.v8.IndyInterface.fromCache(IndyInterface.java:344)
at io.restassured.internal.ResponseSpecificationImpl.statusCode(ResponseSpecificationImpl.groovy:139)
at org.codehaus.groovy.vmplugin.v8.IndyInterface.fromCache(IndyInterface.java:344)
at io.restassured.internal.ResponseSpecificationImpl.statusCode(ResponseSpecificationImpl.groovy:147)
at io.restassured.internal.ValidatableResponseOptionsImpl.statusCode(ValidatableResponseOptionsImpl.java:89)
at tests.AuthTests.TC_AUTH_01_validCredentials_return200WithToken(AuthTests.java:42)
at java.base/jdk.internal.reflect.DirectMethodHandleAccessor.invoke(DirectMethodHandleAccessor.java:103)
at java.base/java.lang.reflect.Method.invoke(Method.java:580)
at org.testng.internal.invokers.MethodInvocationHelper.invokeMethod(MethodInvocationHelper.java:141)
at org.testng.internal.invokers.TestInvoker.invokeMethod(TestInvoker.java:697)
at org.testng.internal.invokers.TestInvoker.invokeTestMethod(TestInvoker.java:230)
at org.testng.internal.invokers.MethodRunner.runInSequence(MethodRunner.java:63)
at org.testng.internal.invokers.TestInvoker$MethodInvocationAgent.invoke(TestInvoker.java:1005)
at org.testng.internal.invokers.TestInvoker.invokeTestMethods(TestInvoker.java:203)
at org.testng.internal.invokers.TestMethodWorker.invokeTestMethods(TestMethodWorker.java:154)
at org.testng.internal.invokers.TestMethodWorker.run(TestMethodWorker.java:134)
at java.base/java.util.ArrayList.forEach(ArrayList.java:1596)
at org.testng.TestRunner.privateRun(TestRunner.java:744)
at org.testng.TestRunner.run(TestRunner.java:616)
at org.testng.SuiteRunner.runTest(SuiteRunner.java:421)
at org.testng.SuiteRunner.runSequentially(SuiteRunner.java:413)
at org.testng.SuiteRunner.privateRun(SuiteRunner.java:373)
at org.testng.SuiteRunner.run(SuiteRunner.java:312)
at org.testng.SuiteRunnerWorker.runSuite(SuiteRunnerWorker.java:52)
at org.testng.SuiteRunnerWorker.run(SuiteRunnerWorker.java:95)
at org.testng.TestNG.runSuitesSequentially(TestNG.java:1274)
at org.testng.TestNG.runSuitesLocally(TestNG.java:1208)
at org.testng.TestNG.runSuites(TestNG.java:1112)
at org.testng.TestNG.run(TestNG.java:1079)
at org.apache.maven.surefire.testng.TestNGExecutor.run(TestNGExecutor.java:308)
at org.apache.maven.surefire.testng.TestNGXmlTestSuite.execute(TestNGXmlTestSuite.java:71)
at org.apache.maven.surefire.testng.TestNGProvider.invoke(TestNGProvider.java:113)
at org.apache.maven.surefire.booter.ForkedBooter.runSuitesInProcess(ForkedBooter.java:385)
at org.apache.maven.surefire.booter.ForkedBooter.execute(ForkedBooter.java:162)
at org.apache.maven.surefire.booter.ForkedBooter.run(ForkedBooter.java:507)
at org.apache.maven.surefire.booter.ForkedBooter.main(ForkedBooter.java:495)
]]>
            </full-stacktrace>
          </exception> <!-- java.lang.AssertionError -->
          <reporter-output>
          </reporter-output>
        </test-method> <!-- TC_AUTH_01_validCredentials_return200WithToken -->
        <test-method signature="TC_AUTH_02_loginResponse_tokenIsNonBlankString()[pri:2, instance:tests.AuthTests@cb0755b]" started-at="2026-03-29T20:30:37 IST" name="TC_AUTH_02_loginResponse_tokenIsNonBlankString" finished-at="2026-03-29T20:30:39 IST" duration-ms="1288" status="FAIL">
          <exception class="java.lang.AssertionError">
            <message>
              <![CDATA[1 expectation failed.
Expected status code <200> but was <401>.
]]>
            </message>
            <full-stacktrace>
              <![CDATA[java.lang.AssertionError: 1 expectation failed.
Expected status code <200> but was <401>.

at org.codehaus.groovy.vmplugin.v8.IndyInterface.fromCache(IndyInterface.java:344)
at io.restassured.internal.ResponseSpecificationImpl$HamcrestAssertionClosure.validate(ResponseSpecificationImpl.groovy:516)
at org.codehaus.groovy.vmplugin.v8.IndyInterface.fromCache(IndyInterface.java:344)
at io.restassured.internal.ResponseSpecificationImpl.validateResponseIfRequired(ResponseSpecificationImpl.groovy:714)
at org.codehaus.groovy.vmplugin.v8.IndyInterface.fromCache(IndyInterface.java:344)
at io.restassured.internal.ResponseSpecificationImpl.statusCode(ResponseSpecificationImpl.groovy:139)
at org.codehaus.groovy.vmplugin.v8.IndyInterface.fromCache(IndyInterface.java:344)
at io.restassured.internal.ResponseSpecificationImpl.statusCode(ResponseSpecificationImpl.groovy:147)
at io.restassured.internal.ValidatableResponseOptionsImpl.statusCode(ValidatableResponseOptionsImpl.java:89)
at tests.AuthTests.TC_AUTH_02_loginResponse_tokenIsNonBlankString(AuthTests.java:60)
at java.base/jdk.internal.reflect.DirectMethodHandleAccessor.invoke(DirectMethodHandleAccessor.java:103)
at java.base/java.lang.reflect.Method.invoke(Method.java:580)
at org.testng.internal.invokers.MethodInvocationHelper.invokeMethod(MethodInvocationHelper.java:141)
at org.testng.internal.invokers.TestInvoker.invokeMethod(TestInvoker.java:697)
at org.testng.internal.invokers.TestInvoker.invokeTestMethod(TestInvoker.java:230)
at org.testng.internal.invokers.MethodRunner.runInSequence(MethodRunner.java:63)
at org.testng.internal.invokers.TestInvoker$MethodInvocationAgent.invoke(TestInvoker.java:1005)
at org.testng.internal.invokers.TestInvoker.invokeTestMethods(TestInvoker.java:203)
at org.testng.internal.invokers.TestMethodWorker.invokeTestMethods(TestMethodWorker.java:154)
at org.testng.internal.invokers.TestMethodWorker.run(TestMethodWorker.java:134)
at java.base/java.util.ArrayList.forEach(ArrayList.java:1596)
at org.testng.TestRunner.privateRun(TestRunner.java:744)
at org.testng.TestRunner.run(TestRunner.java:616)
at org.testng.SuiteRunner.runTest(SuiteRunner.java:421)
at org.testng.SuiteRunner.runSequentially(SuiteRunner.java:413)
at org.testng.SuiteRunner.privateRun(SuiteRunner.java:373)
at org.testng.SuiteRunner.run(SuiteRunner.java:312)
at org.testng.SuiteRunnerWorker.runSuite(SuiteRunnerWorker.java:52)
at org.testng.SuiteRunnerWorker.run(SuiteRunnerWorker.java:95)
at org.testng.TestNG.runSuitesSequentially(TestNG.java:1274)
at org.testng.TestNG.runSuitesLocally(TestNG.java:1208)
at org.testng.TestNG.runSuites(TestNG.java:1112)
at org.testng.TestNG.run(TestNG.java:1079)
at org.apache.maven.surefire.testng.TestNGExecutor.run(TestNGExecutor.java:308)
at org.apache.maven.surefire.testng.TestNGXmlTestSuite.execute(TestNGXmlTestSuite.java:71)
at org.apache.maven.surefire.testng.TestNGProvider.invoke(TestNGProvider.java:113)
at org.apache.maven.surefire.booter.ForkedBooter.runSuitesInProcess(ForkedBooter.java:385)
at org.apache.maven.surefire.booter.ForkedBooter.execute(ForkedBooter.java:162)
at org.apache.maven.surefire.booter.ForkedBooter.run(ForkedBooter.java:507)
at org.apache.maven.surefire.booter.ForkedBooter.main(ForkedBooter.java:495)
]]>
            </full-stacktrace>
          </exception> <!-- java.lang.AssertionError -->
          <reporter-output>
          </reporter-output>
        </test-method> <!-- TC_AUTH_02_loginResponse_tokenIsNonBlankString -->
      </class> <!-- tests.AuthTests -->
    </test> <!-- Auth -->
    <test started-at="2026-03-29T20:30:39 IST" name="Products" finished-at="2026-03-29T20:30:43 IST" duration-ms="4011">
      <class name="tests.ProductTests">
        <test-method signature="TC_PROD_01_getAllProducts_return200WithFullList()[pri:1, instance:tests.ProductTests@305ffe9e]" started-at="2026-03-29T20:30:39 IST" name="TC_PROD_01_getAllProducts_return200WithFullList" finished-at="2026-03-29T20:30:40 IST" duration-ms="1099" status="FAIL">
          <exception class="java.lang.ClassCastException">
            <message>
              <![CDATA[class java.lang.Float cannot be cast to class java.lang.Integer (java.lang.Float and java.lang.Integer are in module java.base of loader 'bootstrap')]]>
            </message>
            <full-stacktrace>
              <![CDATA[java.lang.ClassCastException: class java.lang.Float cannot be cast to class java.lang.Integer (java.lang.Float and java.lang.Integer are in module java.base of loader 'bootstrap')
at java.base/java.lang.Integer.compareTo(Integer.java:72)
at org.hamcrest.comparator.ComparatorMatcherBuilder$1.compare(ComparatorMatcherBuilder.java:29)
at org.hamcrest.comparator.ComparatorMatcherBuilder$1.compare(ComparatorMatcherBuilder.java:26)
at org.hamcrest.comparator.ComparatorMatcherBuilder$ComparatorMatcher.describeMismatchSafely(ComparatorMatcherBuilder.java:96)
at org.hamcrest.TypeSafeMatcher.describeMismatch(TypeSafeMatcher.java:98)
at org.hamcrest.core.Every.matchesSafely(Every.java:20)
at org.hamcrest.core.Every.matchesSafely(Every.java:7)
at org.hamcrest.TypeSafeDiagnosingMatcher.matches(TypeSafeDiagnosingMatcher.java:66)
at io.restassured.internal.assertion.BodyMatcher.validate(BodyMatcher.java:106)
at io.restassured.internal.assertion.BodyMatcherGroup.lambda$validate$0(BodyMatcherGroup.java:30)
at java.base/java.util.stream.ReferencePipeline$3$1.accept(ReferencePipeline.java:197)
at java.base/java.util.ArrayList$ArrayListSpliterator.forEachRemaining(ArrayList.java:1708)
at java.base/java.util.stream.AbstractPipeline.copyInto(AbstractPipeline.java:509)
at java.base/java.util.stream.AbstractPipeline.wrapAndCopyInto(AbstractPipeline.java:499)
at java.base/java.util.stream.ReduceOps$ReduceOp.evaluateSequential(ReduceOps.java:921)
at java.base/java.util.stream.AbstractPipeline.evaluate(AbstractPipeline.java:234)
at java.base/java.util.stream.ReferencePipeline.collect(ReferencePipeline.java:682)
at io.restassured.internal.assertion.BodyMatcherGroup.validate(BodyMatcherGroup.java:30)
at org.codehaus.groovy.vmplugin.v8.IndyInterface.fromCache(IndyInterface.java:344)
at io.restassured.internal.ResponseSpecificationImpl$HamcrestAssertionClosure.validate(ResponseSpecificationImpl.groovy:503)
at org.codehaus.groovy.vmplugin.v8.IndyInterface.fromCache(IndyInterface.java:344)
at io.restassured.internal.ResponseSpecificationImpl.validateResponseIfRequired(ResponseSpecificationImpl.groovy:714)
at org.codehaus.groovy.vmplugin.v8.IndyInterface.fromCache(IndyInterface.java:344)
at io.restassured.internal.ResponseSpecificationImpl.body(ResponseSpecificationImpl.groovy:274)
at org.codehaus.groovy.vmplugin.v8.IndyInterface.fromCache(IndyInterface.java:344)
at io.restassured.internal.ResponseSpecificationImpl.body(ResponseSpecificationImpl.groovy:121)
at io.restassured.internal.ValidatableResponseOptionsImpl.body(ValidatableResponseOptionsImpl.java:244)
at tests.ProductTests.TC_PROD_01_getAllProducts_return200WithFullList(ProductTests.java:55)
at java.base/jdk.internal.reflect.DirectMethodHandleAccessor.invoke(DirectMethodHandleAccessor.java:103)
at java.base/java.lang.reflect.Method.invoke(Method.java:580)
at org.testng.internal.invokers.MethodInvocationHelper.invokeMethod(MethodInvocationHelper.java:141)
at org.testng.internal.invokers.TestInvoker.invokeMethod(TestInvoker.java:697)
at org.testng.internal.invokers.TestInvoker.invokeTestMethod(TestInvoker.java:230)
at org.testng.internal.invokers.MethodRunner.runInSequence(MethodRunner.java:63)
at org.testng.internal.invokers.TestInvoker$MethodInvocationAgent.invoke(TestInvoker.java:1005)
at org.testng.internal.invokers.TestInvoker.invokeTestMethods(TestInvoker.java:203)
at org.testng.internal.invokers.TestMethodWorker.invokeTestMethods(TestMethodWorker.java:154)
at org.testng.internal.invokers.TestMethodWorker.run(TestMethodWorker.java:134)
at java.base/java.util.ArrayList.forEach(ArrayList.java:1596)
at org.testng.TestRunner.privateRun(TestRunner.java:744)
at org.testng.TestRunner.run(TestRunner.java:616)
at org.testng.SuiteRunner.runTest(SuiteRunner.java:421)
at org.testng.SuiteRunner.runSequentially(SuiteRunner.java:413)
at org.testng.SuiteRunner.privateRun(SuiteRunner.java:373)
at org.testng.SuiteRunner.run(SuiteRunner.java:312)
at org.testng.SuiteRunnerWorker.runSuite(SuiteRunnerWorker.java:52)
at org.testng.SuiteRunnerWorker.run(SuiteRunnerWorker.java:95)
at org.testng.TestNG.runSuitesSequentially(TestNG.java:1274)
at org.testng.TestNG.runSuitesLocally(TestNG.java:1208)
at org.testng.TestNG.runSuites(TestNG.java:1112)
at org.testng.TestNG.run(TestNG.java:1079)
at org.apache.maven.surefire.testng.TestNGExecutor.run(TestNGExecutor.java:308)
at org.apache.maven.surefire.testng.TestNGXmlTestSuite.execute(TestNGXmlTestSuite.java:71)
at org.apache.maven.surefire.testng.TestNGProvider.invoke(TestNGProvider.java:113)
at org.apache.maven.surefire.booter.ForkedBooter.runSuitesInProcess(ForkedBooter.java:385)
at org.apache.maven.surefire.booter.ForkedBooter.execute(ForkedBooter.java:162)
at org.apache.maven.surefire.booter.ForkedBooter.run(ForkedBooter.java:507)
at org.apache.maven.surefire.booter.ForkedBooter.main(ForkedBooter.java:495)
]]>
            </full-stacktrace>
          </exception> <!-- java.lang.ClassCastException -->
          <reporter-output>
          </reporter-output>
        </test-method> <!-- TC_PROD_01_getAllProducts_return200WithFullList -->
        <test-method signature="TC_PROD_02_getProductById_returnCorrectProductWithRating()[pri:2, instance:tests.ProductTests@305ffe9e]" started-at="2026-03-29T20:30:40 IST" name="TC_PROD_02_getProductById_returnCorrectProductWithRating" finished-at="2026-03-29T20:30:41 IST" duration-ms="1010" status="PASS">
          <reporter-output>
          </reporter-output>
        </test-method> <!-- TC_PROD_02_getProductById_returnCorrectProductWithRating -->
        <test-method signature="TC_PROD_03_createProduct_return201WithEchoedProduct()[pri:3, instance:tests.ProductTests@305ffe9e]" started-at="2026-03-29T20:30:41 IST" name="TC_PROD_03_createProduct_return201WithEchoedProduct" finished-at="2026-03-29T20:30:42 IST" duration-ms="884" status="PASS">
          <reporter-output>
          </reporter-output>
        </test-method> <!-- TC_PROD_03_createProduct_return201WithEchoedProduct -->
        <test-method signature="TC_PROD_04_updateProduct_return200WithUpdatedFields()[pri:4, instance:tests.ProductTests@305ffe9e]" started-at="2026-03-29T20:30:42 IST" name="TC_PROD_04_updateProduct_return200WithUpdatedFields" finished-at="2026-03-29T20:30:42 IST" duration-ms="429" status="PASS">
          <reporter-output>
          </reporter-output>
        </test-method> <!-- TC_PROD_04_updateProduct_return200WithUpdatedFields -->
        <test-method signature="TC_PROD_05_deleteProduct_return200WithDeletedProduct()[pri:5, instance:tests.ProductTests@305ffe9e]" started-at="2026-03-29T20:30:42 IST" name="TC_PROD_05_deleteProduct_return200WithDeletedProduct" finished-at="2026-03-29T20:30:43 IST" duration-ms="500" status="PASS">
          <reporter-output>
          </reporter-output>
        </test-method> <!-- TC_PROD_05_deleteProduct_return200WithDeletedProduct -->
      </class> <!-- tests.ProductTests -->
    </test> <!-- Products -->
    <test started-at="2026-03-29T20:30:43 IST" name="Users" finished-at="2026-03-29T20:30:46 IST" duration-ms="3288">
      <class name="tests.UserTests">
        <test-method signature="TC_USER_01_getAllUsers_return200WithFullList()[pri:1, instance:tests.UserTests@548a24a]" started-at="2026-03-29T20:30:43 IST" name="TC_USER_01_getAllUsers_return200WithFullList" finished-at="2026-03-29T20:30:44 IST" duration-ms="654" status="PASS">
          <reporter-output>
          </reporter-output>
        </test-method> <!-- TC_USER_01_getAllUsers_return200WithFullList -->
        <test-method signature="TC_USER_02_getUserById_returnCorrectUserWithAllNestedFields()[pri:2, instance:tests.UserTests@548a24a]" started-at="2026-03-29T20:30:44 IST" name="TC_USER_02_getUserById_returnCorrectUserWithAllNestedFields" finished-at="2026-03-29T20:30:44 IST" duration-ms="676" status="PASS">
          <reporter-output>
          </reporter-output>
        </test-method> <!-- TC_USER_02_getUserById_returnCorrectUserWithAllNestedFields -->
        <test-method signature="TC_USER_03_createUser_return200WithCreatedUser()[pri:3, instance:tests.UserTests@548a24a]" started-at="2026-03-29T20:30:44 IST" name="TC_USER_03_createUser_return200WithCreatedUser" finished-at="2026-03-29T20:30:45 IST" duration-ms="972" status="FAIL">
          <exception class="java.lang.AssertionError">
            <message>
              <![CDATA[1 expectation failed.
Expected status code <200> but was <201>.
]]>
            </message>
            <full-stacktrace>
              <![CDATA[java.lang.AssertionError: 1 expectation failed.
Expected status code <200> but was <201>.

at org.codehaus.groovy.vmplugin.v8.IndyInterface.fromCache(IndyInterface.java:344)
at io.restassured.internal.ResponseSpecificationImpl$HamcrestAssertionClosure.validate(ResponseSpecificationImpl.groovy:516)
at org.codehaus.groovy.vmplugin.v8.IndyInterface.fromCache(IndyInterface.java:344)
at io.restassured.internal.ResponseSpecificationImpl.validateResponseIfRequired(ResponseSpecificationImpl.groovy:714)
at org.codehaus.groovy.vmplugin.v8.IndyInterface.fromCache(IndyInterface.java:344)
at io.restassured.internal.ResponseSpecificationImpl.statusCode(ResponseSpecificationImpl.groovy:139)
at org.codehaus.groovy.vmplugin.v8.IndyInterface.fromCache(IndyInterface.java:344)
at io.restassured.internal.ResponseSpecificationImpl.statusCode(ResponseSpecificationImpl.groovy:147)
at io.restassured.internal.ValidatableResponseOptionsImpl.statusCode(ValidatableResponseOptionsImpl.java:89)
at tests.UserTests.TC_USER_03_createUser_return200WithCreatedUser(UserTests.java:130)
at java.base/jdk.internal.reflect.DirectMethodHandleAccessor.invoke(DirectMethodHandleAccessor.java:103)
at java.base/java.lang.reflect.Method.invoke(Method.java:580)
at org.testng.internal.invokers.MethodInvocationHelper.invokeMethod(MethodInvocationHelper.java:141)
at org.testng.internal.invokers.TestInvoker.invokeMethod(TestInvoker.java:697)
at org.testng.internal.invokers.TestInvoker.invokeTestMethod(TestInvoker.java:230)
at org.testng.internal.invokers.MethodRunner.runInSequence(MethodRunner.java:63)
at org.testng.internal.invokers.TestInvoker$MethodInvocationAgent.invoke(TestInvoker.java:1005)
at org.testng.internal.invokers.TestInvoker.invokeTestMethods(TestInvoker.java:203)
at org.testng.internal.invokers.TestMethodWorker.invokeTestMethods(TestMethodWorker.java:154)
at org.testng.internal.invokers.TestMethodWorker.run(TestMethodWorker.java:134)
at java.base/java.util.ArrayList.forEach(ArrayList.java:1596)
at org.testng.TestRunner.privateRun(TestRunner.java:744)
at org.testng.TestRunner.run(TestRunner.java:616)
at org.testng.SuiteRunner.runTest(SuiteRunner.java:421)
at org.testng.SuiteRunner.runSequentially(SuiteRunner.java:413)
at org.testng.SuiteRunner.privateRun(SuiteRunner.java:373)
at org.testng.SuiteRunner.run(SuiteRunner.java:312)
at org.testng.SuiteRunnerWorker.runSuite(SuiteRunnerWorker.java:52)
at org.testng.SuiteRunnerWorker.run(SuiteRunnerWorker.java:95)
at org.testng.TestNG.runSuitesSequentially(TestNG.java:1274)
at org.testng.TestNG.runSuitesLocally(TestNG.java:1208)
at org.testng.TestNG.runSuites(TestNG.java:1112)
at org.testng.TestNG.run(TestNG.java:1079)
at org.apache.maven.surefire.testng.TestNGExecutor.run(TestNGExecutor.java:308)
at org.apache.maven.surefire.testng.TestNGXmlTestSuite.execute(TestNGXmlTestSuite.java:71)
at org.apache.maven.surefire.testng.TestNGProvider.invoke(TestNGProvider.java:113)
at org.apache.maven.surefire.booter.ForkedBooter.runSuitesInProcess(ForkedBooter.java:385)
at org.apache.maven.surefire.booter.ForkedBooter.execute(ForkedBooter.java:162)
at org.apache.maven.surefire.booter.ForkedBooter.run(ForkedBooter.java:507)
at org.apache.maven.surefire.booter.ForkedBooter.main(ForkedBooter.java:495)
]]>
            </full-stacktrace>
          </exception> <!-- java.lang.AssertionError -->
          <reporter-output>
          </reporter-output>
        </test-method> <!-- TC_USER_03_createUser_return200WithCreatedUser -->
        <test-method signature="TC_USER_04_updateUser_return200WithUpdatedFields()[pri:4, instance:tests.UserTests@548a24a]" started-at="2026-03-29T20:30:45 IST" name="TC_USER_04_updateUser_return200WithUpdatedFields" finished-at="2026-03-29T20:30:46 IST" duration-ms="457" status="PASS">
          <reporter-output>
          </reporter-output>
        </test-method> <!-- TC_USER_04_updateUser_return200WithUpdatedFields -->
        <test-method signature="TC_USER_05_deleteUser_return200WithDeletedUserObject()[pri:5, instance:tests.UserTests@548a24a]" started-at="2026-03-29T20:30:46 IST" name="TC_USER_05_deleteUser_return200WithDeletedUserObject" finished-at="2026-03-29T20:30:46 IST" duration-ms="511" status="PASS">
          <reporter-output>
          </reporter-output>
        </test-method> <!-- TC_USER_05_deleteUser_return200WithDeletedUserObject -->
      </class> <!-- tests.UserTests -->
    </test> <!-- Users -->
    <test started-at="2026-03-29T20:30:46 IST" name="Carts" finished-at="2026-03-29T20:30:49 IST" duration-ms="2754">
      <class name="tests.CartTests">
        <test-method is-config="true" signature="initSuite()[pri:0, instance:tests.CartTests@28dcca0c]" started-at="2026-03-29T20:30:33 IST" name="initSuite" finished-at="2026-03-29T20:30:34 IST" duration-ms="1007" status="PASS">
          <reporter-output>
          </reporter-output>
        </test-method> <!-- initSuite -->
        <test-method signature="TC_CART_01_getAllCarts_return200WithFullList()[pri:1, instance:tests.CartTests@28dcca0c]" started-at="2026-03-29T20:30:46 IST" name="TC_CART_01_getAllCarts_return200WithFullList" finished-at="2026-03-29T20:30:47 IST" duration-ms="602" status="PASS">
          <reporter-output>
          </reporter-output>
        </test-method> <!-- TC_CART_01_getAllCarts_return200WithFullList -->
        <test-method signature="TC_CART_02_getCartById_returnCorrectCartWithAllFields()[pri:2, instance:tests.CartTests@28dcca0c]" started-at="2026-03-29T20:30:47 IST" name="TC_CART_02_getCartById_returnCorrectCartWithAllFields" finished-at="2026-03-29T20:30:47 IST" duration-ms="714" status="PASS">
          <reporter-output>
          </reporter-output>
        </test-method> <!-- TC_CART_02_getCartById_returnCorrectCartWithAllFields -->
        <test-method signature="TC_CART_03_createCart_return201WithCreatedCart()[pri:3, instance:tests.CartTests@28dcca0c]" started-at="2026-03-29T20:30:47 IST" name="TC_CART_03_createCart_return201WithCreatedCart" finished-at="2026-03-29T20:30:48 IST" duration-ms="408" status="PASS">
          <reporter-output>
          </reporter-output>
        </test-method> <!-- TC_CART_03_createCart_return201WithCreatedCart -->
        <test-method signature="TC_CART_04_updateCart_return200WithUpdatedFields()[pri:4, instance:tests.CartTests@28dcca0c]" started-at="2026-03-29T20:30:48 IST" name="TC_CART_04_updateCart_return200WithUpdatedFields" finished-at="2026-03-29T20:30:48 IST" duration-ms="396" status="PASS">
          <reporter-output>
          </reporter-output>
        </test-method> <!-- TC_CART_04_updateCart_return200WithUpdatedFields -->
        <test-method signature="TC_CART_05_deleteCart_return200WithDeletedCartObject()[pri:5, instance:tests.CartTests@28dcca0c]" started-at="2026-03-29T20:30:48 IST" name="TC_CART_05_deleteCart_return200WithDeletedCartObject" finished-at="2026-03-29T20:30:49 IST" duration-ms="620" status="PASS">
          <reporter-output>
          </reporter-output>
        </test-method> <!-- TC_CART_05_deleteCart_return200WithDeletedCartObject -->
      </class> <!-- tests.CartTests -->
    </test> <!-- Carts -->
  </suite> <!-- FakeStore API Suite -->
</testng-results>
