<?xml version="1.0" encoding="UTF-8"?>
<testng-results ignored="0" total="14" passed="13" failed="1" skipped="0">
  <reporter-output>
  </reporter-output>
  <suite started-at="2026-03-28T23:22:16 IST" name="MagicBricks Cross-Browser Suite" finished-at="2026-03-28T23:25:59 IST" duration-ms="223209">
    <groups>
      <group name="cucumber">
        <method signature="AbstractTestNGCucumberTests.runScenario(io.cucumber.testng.PickleWrapper,io.cucumber.testng.FeatureWrapper)[pri:0, instance:runner.runner_sayan.TestRunner@707194ba]" name="runScenario" class="io.cucumber.testng.AbstractTestNGCucumberTests"/>
        <method signature="AbstractTestNGCucumberTests.runScenario(io.cucumber.testng.PickleWrapper,io.cucumber.testng.FeatureWrapper)[pri:0, instance:runner.runner_sayan.TestRunner@7c83dc97]" name="runScenario" class="io.cucumber.testng.AbstractTestNGCucumberTests"/>
      </group> <!-- cucumber -->
    </groups>
    <test started-at="2026-03-28T23:22:16 IST" name="Edge-Suite" finished-at="2026-03-28T23:25:44 IST" duration-ms="207909">
      <class name="runner.runner_sayan.TestRunner">
        <test-method is-config="true" signature="setUpClass(org.testng.ITestContext)[pri:0, instance:runner.runner_sayan.TestRunner@7c83dc97]" started-at="2026-03-28T23:22:16 IST" name="setUpClass" finished-at="2026-03-28T23:22:17 IST" duration-ms="1074" status="PASS">
          <params>
            <param index="0">
              <value>
                <![CDATA[org.testng.TestRunner@793be5ca]]>
              </value>
            </param>
          </params>
          <reporter-output>
          </reporter-output>
        </test-method> <!-- setUpClass -->
        <test-method is-config="true" signature="setBrowserFromXml(java.lang.String)[pri:0, instance:runner.runner_sayan.TestRunner@7c83dc97]" started-at="2026-03-28T23:22:17 IST" name="setBrowserFromXml" finished-at="2026-03-28T23:22:17 IST" duration-ms="17" status="PASS">
          <params>
            <param index="0">
              <value>
                <![CDATA[edge]]>
              </value>
            </param>
          </params>
          <reporter-output>
          </reporter-output>
        </test-method> <!-- setBrowserFromXml -->
        <test-method signature="runScenario(io.cucumber.testng.PickleWrapper,io.cucumber.testng.FeatureWrapper)[pri:0, instance:runner.runner_sayan.TestRunner@7c83dc97]" started-at="2026-03-28T23:22:17 IST" name="runScenario" description="Runs Cucumber Scenarios" data-provider="scenarios" finished-at="2026-03-28T23:22:54 IST" duration-ms="37015" status="PASS">
          <params>
            <param index="0">
              <value>
                <![CDATA["TC04 - Budget Homes listings display prices within ceiling and EMI Calculator computes correctly"]]>
              </value>
            </param>
            <param index="1">
              <value>
                <![CDATA["MagicBricks Buy Module Functional Validation"]]>
              </value>
            </param>
          </params>
          <reporter-output>
          </reporter-output>
        </test-method> <!-- runScenario -->
        <test-method signature="runScenario(io.cucumber.testng.PickleWrapper,io.cucumber.testng.FeatureWrapper)[pri:0, instance:runner.runner_sayan.TestRunner@7c83dc97]" started-at="2026-03-28T23:22:54 IST" name="runScenario" description="Runs Cucumber Scenarios" data-provider="scenarios" finished-at="2026-03-28T23:23:14 IST" duration-ms="20133" status="PASS">
          <params>
            <param index="0">
              <value>
                <![CDATA["TC06 - Premium Homes listings are displayed and image gallery navigates correctly"]]>
              </value>
            </param>
            <param index="1">
              <value>
                <![CDATA["MagicBricks Buy Module Functional Validation"]]>
              </value>
            </param>
          </params>
          <reporter-output>
          </reporter-output>
        </test-method> <!-- runScenario -->
        <test-method signature="runScenario(io.cucumber.testng.PickleWrapper,io.cucumber.testng.FeatureWrapper)[pri:0, instance:runner.runner_sayan.TestRunner@7c83dc97]" started-at="2026-03-28T23:23:14 IST" name="runScenario" description="Runs Cucumber Scenarios" data-provider="scenarios" finished-at="2026-03-28T23:23:40 IST" duration-ms="25692" status="FAIL">
          <params>
            <param index="0">
              <value>
                <![CDATA["TC07 - New Projects display mandatory fields and enquiry form submits successfully"]]>
              </value>
            </param>
            <param index="1">
              <value>
                <![CDATA["MagicBricks Buy Module Functional Validation"]]>
              </value>
            </param>
          </params>
          <exception class="org.openqa.selenium.StaleElementReferenceException">
            <message>
              <![CDATA[stale element reference: stale element not found in the current frame
  (Session info: MicrosoftEdge=146.0.3856.84)
For documentation on this error, please visit: https://www.selenium.dev/documentation/webdriver/troubleshooting/errors#staleelementreferenceexception
Build info: version: '4.39.0', revision: '126f156aee'
System info: os.name: 'Windows 11', os.arch: 'amd64', os.version: '10.0', java.version: '21.0.1'
Driver info: org.openqa.selenium.edge.EdgeDriver
Command: [39cced5c61cfc491e87abc2dd8b7f7ed, isElementDisplayed {id=f.9D826424E2FA2277EAB2D7A13D0698F8.d.A2C1CCABB998A6868312BEC9F6A32B4E.e.1008}]
Capabilities {acceptInsecureCerts: false, browserName: MicrosoftEdge, browserVersion: 146.0.3856.84, fedcm:accounts: true, goog:processID: 7832, ms:edgeOptions: {debuggerAddress: localhost:57430}, msedge: {msedgedriverVersion: 146.0.3856.84 (fe100ed2d0fb..., userDataDir: C:\Users\sayan\AppData\Loca...}, networkConnectionEnabled: false, pageLoadStrategy: normal, platformName: windows, proxy: Proxy(), se:cdp: ws://localhost:57430/devtoo..., se:cdpVersion: 146.0.3856.84, setWindowRect: true, strictFileInteractability: false, timeouts: {implicit: 0, pageLoad: 300000, script: 30000}, unhandledPromptBehavior: dismiss and notify, webauthn:extension:credBlob: true, webauthn:extension:largeBlob: true, webauthn:extension:minPinLength: true, webauthn:extension:prf: true, webauthn:virtualAuthenticators: true}
Element: [[EdgeDriver: MicrosoftEdge on windows (39cced5c61cfc491e87abc2dd8b7f7ed)] -> xpath: //span[text()='Contact Seller'][1]]
Session ID: 39cced5c61cfc491e87abc2dd8b7f7ed]]>
            </message>
            <full-stacktrace>
              <![CDATA[org.openqa.selenium.StaleElementReferenceException: stale element reference: stale element not found in the current frame
  (Session info: MicrosoftEdge=146.0.3856.84)
For documentation on this error, please visit: https://www.selenium.dev/documentation/webdriver/troubleshooting/errors#staleelementreferenceexception
Build info: version: '4.39.0', revision: '126f156aee'
System info: os.name: 'Windows 11', os.arch: 'amd64', os.version: '10.0', java.version: '21.0.1'
Driver info: org.openqa.selenium.edge.EdgeDriver
Command: [39cced5c61cfc491e87abc2dd8b7f7ed, isElementDisplayed {id=f.9D826424E2FA2277EAB2D7A13D0698F8.d.A2C1CCABB998A6868312BEC9F6A32B4E.e.1008}]
Capabilities {acceptInsecureCerts: false, browserName: MicrosoftEdge, browserVersion: 146.0.3856.84, fedcm:accounts: true, goog:processID: 7832, ms:edgeOptions: {debuggerAddress: localhost:57430}, msedge: {msedgedriverVersion: 146.0.3856.84 (fe100ed2d0fb..., userDataDir: C:\Users\sayan\AppData\Loca...}, networkConnectionEnabled: false, pageLoadStrategy: normal, platformName: windows, proxy: Proxy(), se:cdp: ws://localhost:57430/devtoo..., se:cdpVersion: 146.0.3856.84, setWindowRect: true, strictFileInteractability: false, timeouts: {implicit: 0, pageLoad: 300000, script: 30000}, unhandledPromptBehavior: dismiss and notify, webauthn:extension:credBlob: true, webauthn:extension:largeBlob: true, webauthn:extension:minPinLength: true, webauthn:extension:prf: true, webauthn:virtualAuthenticators: true}
Element: [[EdgeDriver: MicrosoftEdge on windows (39cced5c61cfc491e87abc2dd8b7f7ed)] -> xpath: //span[text()='Contact Seller'][1]]
Session ID: 39cced5c61cfc491e87abc2dd8b7f7ed
at java.base/jdk.internal.reflect.DirectConstructorHandleAccessor.newInstance(DirectConstructorHandleAccessor.java:62)
at java.base/java.lang.reflect.Constructor.newInstanceWithCaller(Constructor.java:502)
at java.base/java.lang.reflect.Constructor.newInstance(Constructor.java:486)
at org.openqa.selenium.remote.ErrorCodec.decode(ErrorCodec.java:167)
at org.openqa.selenium.remote.codec.w3c.W3CHttpResponseCodec.decode(W3CHttpResponseCodec.java:142)
at org.openqa.selenium.remote.codec.w3c.W3CHttpResponseCodec.decode(W3CHttpResponseCodec.java:49)
at org.openqa.selenium.remote.HttpCommandExecutor.execute(HttpCommandExecutor.java:215)
at org.openqa.selenium.remote.service.DriverCommandExecutor.invokeExecute(DriverCommandExecutor.java:216)
at org.openqa.selenium.remote.service.DriverCommandExecutor.execute(DriverCommandExecutor.java:174)
at org.openqa.selenium.remote.RemoteWebDriver.execute(RemoteWebDriver.java:561)
at org.openqa.selenium.remote.RemoteWebElement.execute(RemoteWebElement.java:223)
at org.openqa.selenium.remote.RemoteWebElement.isDisplayed(RemoteWebElement.java:282)
at stepDefinitions.stepDefinitions_sayan.MagicBricksStepDefinitions.the_user_switches_to_the_project_detail_tab(MagicBricksStepDefinitions.java:259)
at ✽.the user switches to the project detail tab(file:///F:/Sprint_Group_4_Magicbricks/Day_6_Deliverables/MagicBricks/src/test/resources/features/features_sayan/MagicBricks.feature:48)
]]>
            </full-stacktrace>
          </exception> <!-- org.openqa.selenium.StaleElementReferenceException -->
          <reporter-output>
          </reporter-output>
        </test-method> <!-- runScenario -->
        <test-method signature="runScenario(io.cucumber.testng.PickleWrapper,io.cucumber.testng.FeatureWrapper)[pri:0, instance:runner.runner_sayan.TestRunner@7c83dc97]" started-at="2026-03-28T23:23:40 IST" name="runScenario" description="Runs Cucumber Scenarios" data-provider="scenarios" finished-at="2026-03-28T23:24:03 IST" duration-ms="22907" status="PASS">
          <params>
            <param index="0">
              <value>
                <![CDATA["TC10 - House for Sale listings shown and Map View renders property location correctly"]]>
              </value>
            </param>
            <param index="1">
              <value>
                <![CDATA["MagicBricks Buy Module Functional Validation"]]>
              </value>
            </param>
          </params>
          <reporter-output>
          </reporter-output>
        </test-method> <!-- runScenario -->
        <test-method signature="runScenario(io.cucumber.testng.PickleWrapper,io.cucumber.testng.FeatureWrapper)[pri:0, instance:runner.runner_sayan.TestRunner@7c83dc97]" started-at="2026-03-28T23:24:03 IST" name="runScenario" description="Runs Cucumber Scenarios" data-provider="scenarios" finished-at="2026-03-28T23:25:02 IST" duration-ms="59275" status="PASS">
          <params>
            <param index="0">
              <value>
                <![CDATA["TC12 - Plot listings have no BHK filter and area budget filter works correctly"]]>
              </value>
            </param>
            <param index="1">
              <value>
                <![CDATA["MagicBricks Buy Module Functional Validation"]]>
              </value>
            </param>
          </params>
          <reporter-output>
          </reporter-output>
        </test-method> <!-- runScenario -->
        <test-method signature="runScenario(io.cucumber.testng.PickleWrapper,io.cucumber.testng.FeatureWrapper)[pri:0, instance:runner.runner_sayan.TestRunner@7c83dc97]" started-at="2026-03-28T23:25:02 IST" name="runScenario" description="Runs Cucumber Scenarios" data-provider="scenarios" finished-at="2026-03-28T23:25:27 IST" duration-ms="25136" status="PASS">
          <params>
            <param index="0">
              <value>
                <![CDATA["TC14 - Office Space listings are shown and Contact Agent button is clickable"]]>
              </value>
            </param>
            <param index="1">
              <value>
                <![CDATA["MagicBricks Buy Module Functional Validation"]]>
              </value>
            </param>
          </params>
          <reporter-output>
          </reporter-output>
        </test-method> <!-- runScenario -->
        <test-method signature="runScenario(io.cucumber.testng.PickleWrapper,io.cucumber.testng.FeatureWrapper)[pri:0, instance:runner.runner_sayan.TestRunner@7c83dc97]" started-at="2026-03-28T23:25:27 IST" name="runScenario" description="Runs Cucumber Scenarios" data-provider="scenarios" finished-at="2026-03-28T23:25:43 IST" duration-ms="15622" status="PASS">
          <params>
            <param index="0">
              <value>
                <![CDATA["TC16 - Commercial Space supports sub-type filter and sort by price high to low"]]>
              </value>
            </param>
            <param index="1">
              <value>
                <![CDATA["MagicBricks Buy Module Functional Validation"]]>
              </value>
            </param>
          </params>
          <reporter-output>
          </reporter-output>
        </test-method> <!-- runScenario -->
        <test-method is-config="true" signature="tearDownClass()[pri:0, instance:runner.runner_sayan.TestRunner@7c83dc97]" started-at="2026-03-28T23:25:43 IST" name="tearDownClass" finished-at="2026-03-28T23:25:44 IST" duration-ms="958" status="PASS">
          <reporter-output>
          </reporter-output>
        </test-method> <!-- tearDownClass -->
      </class> <!-- runner.runner_sayan.TestRunner -->
    </test> <!-- Edge-Suite -->
    <test started-at="2026-03-28T23:22:16 IST" name="Chrome-Suite" finished-at="2026-03-28T23:25:59 IST" duration-ms="223209">
      <class name="runner.runner_sayan.TestRunner">
        <test-method is-config="true" signature="setUpClass(org.testng.ITestContext)[pri:0, instance:runner.runner_sayan.TestRunner@707194ba]" started-at="2026-03-28T23:22:16 IST" name="setUpClass" finished-at="2026-03-28T23:22:17 IST" duration-ms="1078" status="PASS">
          <params>
            <param index="0">
              <value>
                <![CDATA[org.testng.TestRunner@69997e9d]]>
              </value>
            </param>
          </params>
          <reporter-output>
          </reporter-output>
        </test-method> <!-- setUpClass -->
        <test-method is-config="true" signature="setBrowserFromXml(java.lang.String)[pri:0, instance:runner.runner_sayan.TestRunner@707194ba]" started-at="2026-03-28T23:22:17 IST" name="setBrowserFromXml" finished-at="2026-03-28T23:22:17 IST" duration-ms="13" status="PASS">
          <params>
            <param index="0">
              <value>
                <![CDATA[chrome]]>
              </value>
            </param>
          </params>
          <reporter-output>
          </reporter-output>
        </test-method> <!-- setBrowserFromXml -->
        <test-method signature="runScenario(io.cucumber.testng.PickleWrapper,io.cucumber.testng.FeatureWrapper)[pri:0, instance:runner.runner_sayan.TestRunner@707194ba]" started-at="2026-03-28T23:22:17 IST" name="runScenario" description="Runs Cucumber Scenarios" data-provider="scenarios" finished-at="2026-03-28T23:22:51 IST" duration-ms="33547" status="PASS">
          <params>
            <param index="0">
              <value>
                <![CDATA["TC04 - Budget Homes listings display prices within ceiling and EMI Calculator computes correctly"]]>
              </value>
            </param>
            <param index="1">
              <value>
                <![CDATA["MagicBricks Buy Module Functional Validation"]]>
              </value>
            </param>
          </params>
          <reporter-output>
          </reporter-output>
        </test-method> <!-- runScenario -->
        <test-method signature="runScenario(io.cucumber.testng.PickleWrapper,io.cucumber.testng.FeatureWrapper)[pri:0, instance:runner.runner_sayan.TestRunner@707194ba]" started-at="2026-03-28T23:22:51 IST" name="runScenario" description="Runs Cucumber Scenarios" data-provider="scenarios" finished-at="2026-03-28T23:23:16 IST" duration-ms="25449" status="PASS">
          <params>
            <param index="0">
              <value>
                <![CDATA["TC06 - Premium Homes listings are displayed and image gallery navigates correctly"]]>
              </value>
            </param>
            <param index="1">
              <value>
                <![CDATA["MagicBricks Buy Module Functional Validation"]]>
              </value>
            </param>
          </params>
          <reporter-output>
          </reporter-output>
        </test-method> <!-- runScenario -->
        <test-method signature="runScenario(io.cucumber.testng.PickleWrapper,io.cucumber.testng.FeatureWrapper)[pri:0, instance:runner.runner_sayan.TestRunner@707194ba]" started-at="2026-03-28T23:23:16 IST" name="runScenario" description="Runs Cucumber Scenarios" data-provider="scenarios" finished-at="2026-03-28T23:23:55 IST" duration-ms="39265" status="PASS">
          <params>
            <param index="0">
              <value>
                <![CDATA["TC07 - New Projects display mandatory fields and enquiry form submits successfully"]]>
              </value>
            </param>
            <param index="1">
              <value>
                <![CDATA["MagicBricks Buy Module Functional Validation"]]>
              </value>
            </param>
          </params>
          <reporter-output>
          </reporter-output>
        </test-method> <!-- runScenario -->
        <test-method signature="runScenario(io.cucumber.testng.PickleWrapper,io.cucumber.testng.FeatureWrapper)[pri:0, instance:runner.runner_sayan.TestRunner@707194ba]" started-at="2026-03-28T23:23:56 IST" name="runScenario" description="Runs Cucumber Scenarios" data-provider="scenarios" finished-at="2026-03-28T23:24:21 IST" duration-ms="25049" status="PASS">
          <params>
            <param index="0">
              <value>
                <![CDATA["TC10 - House for Sale listings shown and Map View renders property location correctly"]]>
              </value>
            </param>
            <param index="1">
              <value>
                <![CDATA["MagicBricks Buy Module Functional Validation"]]>
              </value>
            </param>
          </params>
          <reporter-output>
          </reporter-output>
        </test-method> <!-- runScenario -->
        <test-method signature="runScenario(io.cucumber.testng.PickleWrapper,io.cucumber.testng.FeatureWrapper)[pri:0, instance:runner.runner_sayan.TestRunner@707194ba]" started-at="2026-03-28T23:24:21 IST" name="runScenario" description="Runs Cucumber Scenarios" data-provider="scenarios" finished-at="2026-03-28T23:25:18 IST" duration-ms="57388" status="PASS">
          <params>
            <param index="0">
              <value>
                <![CDATA["TC12 - Plot listings have no BHK filter and area budget filter works correctly"]]>
              </value>
            </param>
            <param index="1">
              <value>
                <![CDATA["MagicBricks Buy Module Functional Validation"]]>
              </value>
            </param>
          </params>
          <reporter-output>
          </reporter-output>
        </test-method> <!-- runScenario -->
        <test-method signature="runScenario(io.cucumber.testng.PickleWrapper,io.cucumber.testng.FeatureWrapper)[pri:0, instance:runner.runner_sayan.TestRunner@707194ba]" started-at="2026-03-28T23:25:18 IST" name="runScenario" description="Runs Cucumber Scenarios" data-provider="scenarios" finished-at="2026-03-28T23:25:45 IST" duration-ms="27296" status="PASS">
          <params>
            <param index="0">
              <value>
                <![CDATA["TC14 - Office Space listings are shown and Contact Agent button is clickable"]]>
              </value>
            </param>
            <param index="1">
              <value>
                <![CDATA["MagicBricks Buy Module Functional Validation"]]>
              </value>
            </param>
          </params>
          <reporter-output>
          </reporter-output>
        </test-method> <!-- runScenario -->
        <test-method signature="runScenario(io.cucumber.testng.PickleWrapper,io.cucumber.testng.FeatureWrapper)[pri:0, instance:runner.runner_sayan.TestRunner@707194ba]" started-at="2026-03-28T23:25:45 IST" name="runScenario" description="Runs Cucumber Scenarios" data-provider="scenarios" finished-at="2026-03-28T23:25:59 IST" duration-ms="13974" status="PASS">
          <params>
            <param index="0">
              <value>
                <![CDATA["TC16 - Commercial Space supports sub-type filter and sort by price high to low"]]>
              </value>
            </param>
            <param index="1">
              <value>
                <![CDATA["MagicBricks Buy Module Functional Validation"]]>
              </value>
            </param>
          </params>
          <reporter-output>
          </reporter-output>
        </test-method> <!-- runScenario -->
        <test-method is-config="true" signature="tearDownClass()[pri:0, instance:runner.runner_sayan.TestRunner@707194ba]" started-at="2026-03-28T23:25:59 IST" name="tearDownClass" finished-at="2026-03-28T23:25:59 IST" duration-ms="64" status="PASS">
          <reporter-output>
          </reporter-output>
        </test-method> <!-- tearDownClass -->
      </class> <!-- runner.runner_sayan.TestRunner -->
    </test> <!-- Chrome-Suite -->
  </suite> <!-- MagicBricks Cross-Browser Suite -->
</testng-results>
