<?xml version="1.0" encoding="UTF-8"?>
<testng-results ignored="0" total="14" passed="14" failed="0" skipped="0">
  <reporter-output>
  </reporter-output>
  <suite started-at="2026-03-31T21:34:28 IST" name="MagicBricks Cross-Browser Suite" finished-at="2026-03-31T21:39:56 IST" duration-ms="327531">
    <groups>
      <group name="cucumber">
        <method signature="AbstractTestNGCucumberTests.runScenario(io.cucumber.testng.PickleWrapper,io.cucumber.testng.FeatureWrapper)[pri:0, instance:runner.runner_sayan.TestRunner@707194ba]" name="runScenario" class="io.cucumber.testng.AbstractTestNGCucumberTests"/>
        <method signature="AbstractTestNGCucumberTests.runScenario(io.cucumber.testng.PickleWrapper,io.cucumber.testng.FeatureWrapper)[pri:0, instance:runner.runner_sayan.TestRunner@7c83dc97]" name="runScenario" class="io.cucumber.testng.AbstractTestNGCucumberTests"/>
      </group> <!-- cucumber -->
    </groups>
    <test started-at="2026-03-31T21:34:28 IST" name="Chrome-Suite" finished-at="2026-03-31T21:39:54 IST" duration-ms="325662">
      <class name="runner.runner_sayan.TestRunner">
        <test-method is-config="true" signature="setUpClass(org.testng.ITestContext)[pri:0, instance:runner.runner_sayan.TestRunner@707194ba]" started-at="2026-03-31T21:34:28 IST" name="setUpClass" finished-at="2026-03-31T21:34:30 IST" duration-ms="2143" status="PASS">
          <params>
            <param index="0">
              <value>
                <![CDATA[org.testng.TestRunner@793be5ca]]>
              </value>
            </param>
          </params>
          <reporter-output>
          </reporter-output>
        </test-method> <!-- setUpClass -->
        <test-method is-config="true" signature="setBrowserFromXml(java.lang.String)[pri:0, instance:runner.runner_sayan.TestRunner@707194ba]" started-at="2026-03-31T21:34:30 IST" name="setBrowserFromXml" finished-at="2026-03-31T21:34:30 IST" duration-ms="42" status="PASS">
          <params>
            <param index="0">
              <value>
                <![CDATA[EDGE]]>
              </value>
            </param>
          </params>
          <reporter-output>
          </reporter-output>
        </test-method> <!-- setBrowserFromXml -->
        <test-method signature="runScenario(io.cucumber.testng.PickleWrapper,io.cucumber.testng.FeatureWrapper)[pri:0, instance:runner.runner_sayan.TestRunner@707194ba]" started-at="2026-03-31T21:34:30 IST" name="runScenario" description="Runs Cucumber Scenarios" data-provider="scenarios" finished-at="2026-03-31T21:35:10 IST" duration-ms="39565" status="PASS">
          <params>
            <param index="0">
              <value>
                <![CDATA["TC04 - Budget Homes listings display prices within ceiling and EMI Calculator computes correctly"]]>
              </value>
            </param>
            <param index="1">
              <value>
                <![CDATA["MagicBricks Buy Module Functional Validation"]]>
              </value>
            </param>
          </params>
          <reporter-output>
          </reporter-output>
        </test-method> <!-- runScenario -->
        <test-method signature="runScenario(io.cucumber.testng.PickleWrapper,io.cucumber.testng.FeatureWrapper)[pri:0, instance:runner.runner_sayan.TestRunner@707194ba]" started-at="2026-03-31T21:35:10 IST" name="runScenario" description="Runs Cucumber Scenarios" data-provider="scenarios" finished-at="2026-03-31T21:35:40 IST" duration-ms="29794" status="PASS">
          <params>
            <param index="0">
              <value>
                <![CDATA["TC06 - Premium Homes listings are displayed and image gallery navigates correctly"]]>
              </value>
            </param>
            <param index="1">
              <value>
                <![CDATA["MagicBricks Buy Module Functional Validation"]]>
              </value>
            </param>
          </params>
          <reporter-output>
          </reporter-output>
        </test-method> <!-- runScenario -->
        <test-method signature="runScenario(io.cucumber.testng.PickleWrapper,io.cucumber.testng.FeatureWrapper)[pri:0, instance:runner.runner_sayan.TestRunner@707194ba]" started-at="2026-03-31T21:35:40 IST" name="runScenario" description="Runs Cucumber Scenarios" data-provider="scenarios" finished-at="2026-03-31T21:37:31 IST" duration-ms="111298" status="PASS">
          <params>
            <param index="0">
              <value>
                <![CDATA["TC07 - New Projects display mandatory fields and enquiry form submits successfully"]]>
              </value>
            </param>
            <param index="1">
              <value>
                <![CDATA["MagicBricks Buy Module Functional Validation"]]>
              </value>
            </param>
          </params>
          <reporter-output>
          </reporter-output>
        </test-method> <!-- runScenario -->
        <test-method signature="runScenario(io.cucumber.testng.PickleWrapper,io.cucumber.testng.FeatureWrapper)[pri:0, instance:runner.runner_sayan.TestRunner@707194ba]" started-at="2026-03-31T21:37:31 IST" name="runScenario" description="Runs Cucumber Scenarios" data-provider="scenarios" finished-at="2026-03-31T21:37:56 IST" duration-ms="24606" status="PASS">
          <params>
            <param index="0">
              <value>
                <![CDATA["TC10 - House for Sale listings shown and Map View renders property location correctly"]]>
              </value>
            </param>
            <param index="1">
              <value>
                <![CDATA["MagicBricks Buy Module Functional Validation"]]>
              </value>
            </param>
          </params>
          <reporter-output>
          </reporter-output>
        </test-method> <!-- runScenario -->
        <test-method signature="runScenario(io.cucumber.testng.PickleWrapper,io.cucumber.testng.FeatureWrapper)[pri:0, instance:runner.runner_sayan.TestRunner@707194ba]" started-at="2026-03-31T21:37:56 IST" name="runScenario" description="Runs Cucumber Scenarios" data-provider="scenarios" finished-at="2026-03-31T21:38:58 IST" duration-ms="62386" status="PASS">
          <params>
            <param index="0">
              <value>
                <![CDATA["TC12 - Plot listings have no BHK filter and area budget filter works correctly"]]>
              </value>
            </param>
            <param index="1">
              <value>
                <![CDATA["MagicBricks Buy Module Functional Validation"]]>
              </value>
            </param>
          </params>
          <reporter-output>
          </reporter-output>
        </test-method> <!-- runScenario -->
        <test-method signature="runScenario(io.cucumber.testng.PickleWrapper,io.cucumber.testng.FeatureWrapper)[pri:0, instance:runner.runner_sayan.TestRunner@707194ba]" started-at="2026-03-31T21:38:58 IST" name="runScenario" description="Runs Cucumber Scenarios" data-provider="scenarios" finished-at="2026-03-31T21:39:30 IST" duration-ms="31650" status="PASS">
          <params>
            <param index="0">
              <value>
                <![CDATA["TC14 - Office Space listings are shown and Contact Agent button is clickable"]]>
              </value>
            </param>
            <param index="1">
              <value>
                <![CDATA["MagicBricks Buy Module Functional Validation"]]>
              </value>
            </param>
          </params>
          <reporter-output>
          </reporter-output>
        </test-method> <!-- runScenario -->
        <test-method signature="runScenario(io.cucumber.testng.PickleWrapper,io.cucumber.testng.FeatureWrapper)[pri:0, instance:runner.runner_sayan.TestRunner@707194ba]" started-at="2026-03-31T21:39:30 IST" name="runScenario" description="Runs Cucumber Scenarios" data-provider="scenarios" finished-at="2026-03-31T21:39:53 IST" duration-ms="22961" status="PASS">
          <params>
            <param index="0">
              <value>
                <![CDATA["TC16 - Commercial Space supports sub-type filter and sort by price high to low"]]>
              </value>
            </param>
            <param index="1">
              <value>
                <![CDATA["MagicBricks Buy Module Functional Validation"]]>
              </value>
            </param>
          </params>
          <reporter-output>
          </reporter-output>
        </test-method> <!-- runScenario -->
        <test-method is-config="true" signature="tearDownClass()[pri:0, instance:runner.runner_sayan.TestRunner@707194ba]" started-at="2026-03-31T21:39:53 IST" name="tearDownClass" finished-at="2026-03-31T21:39:54 IST" duration-ms="1078" status="PASS">
          <reporter-output>
          </reporter-output>
        </test-method> <!-- tearDownClass -->
      </class> <!-- runner.runner_sayan.TestRunner -->
    </test> <!-- Chrome-Suite -->
    <test started-at="2026-03-31T21:34:28 IST" name="Edge-Suite" finished-at="2026-03-31T21:39:56 IST" duration-ms="327531">
      <class name="runner.runner_sayan.TestRunner">
        <test-method is-config="true" signature="setUpClass(org.testng.ITestContext)[pri:0, instance:runner.runner_sayan.TestRunner@7c83dc97]" started-at="2026-03-31T21:34:28 IST" name="setUpClass" finished-at="2026-03-31T21:34:30 IST" duration-ms="2144" status="PASS">
          <params>
            <param index="0">
              <value>
                <![CDATA[org.testng.TestRunner@2df9b86]]>
              </value>
            </param>
          </params>
          <reporter-output>
          </reporter-output>
        </test-method> <!-- setUpClass -->
        <test-method is-config="true" signature="setBrowserFromXml(java.lang.String)[pri:0, instance:runner.runner_sayan.TestRunner@7c83dc97]" started-at="2026-03-31T21:34:30 IST" name="setBrowserFromXml" finished-at="2026-03-31T21:34:30 IST" duration-ms="15" status="PASS">
          <params>
            <param index="0">
              <value>
                <![CDATA[edge]]>
              </value>
            </param>
          </params>
          <reporter-output>
          </reporter-output>
        </test-method> <!-- setBrowserFromXml -->
        <test-method signature="runScenario(io.cucumber.testng.PickleWrapper,io.cucumber.testng.FeatureWrapper)[pri:0, instance:runner.runner_sayan.TestRunner@7c83dc97]" started-at="2026-03-31T21:34:30 IST" name="runScenario" description="Runs Cucumber Scenarios" data-provider="scenarios" finished-at="2026-03-31T21:35:20 IST" duration-ms="49883" status="PASS">
          <params>
            <param index="0">
              <value>
                <![CDATA["TC04 - Budget Homes listings display prices within ceiling and EMI Calculator computes correctly"]]>
              </value>
            </param>
            <param index="1">
              <value>
                <![CDATA["MagicBricks Buy Module Functional Validation"]]>
              </value>
            </param>
          </params>
          <reporter-output>
          </reporter-output>
        </test-method> <!-- runScenario -->
        <test-method signature="runScenario(io.cucumber.testng.PickleWrapper,io.cucumber.testng.FeatureWrapper)[pri:0, instance:runner.runner_sayan.TestRunner@7c83dc97]" started-at="2026-03-31T21:35:20 IST" name="runScenario" description="Runs Cucumber Scenarios" data-provider="scenarios" finished-at="2026-03-31T21:35:45 IST" duration-ms="24572" status="PASS">
          <params>
            <param index="0">
              <value>
                <![CDATA["TC06 - Premium Homes listings are displayed and image gallery navigates correctly"]]>
              </value>
            </param>
            <param index="1">
              <value>
                <![CDATA["MagicBricks Buy Module Functional Validation"]]>
              </value>
            </param>
          </params>
          <reporter-output>
          </reporter-output>
        </test-method> <!-- runScenario -->
        <test-method signature="runScenario(io.cucumber.testng.PickleWrapper,io.cucumber.testng.FeatureWrapper)[pri:0, instance:runner.runner_sayan.TestRunner@7c83dc97]" started-at="2026-03-31T21:35:45 IST" name="runScenario" description="Runs Cucumber Scenarios" data-provider="scenarios" finished-at="2026-03-31T21:37:25 IST" duration-ms="100281" status="PASS">
          <params>
            <param index="0">
              <value>
                <![CDATA["TC07 - New Projects display mandatory fields and enquiry form submits successfully"]]>
              </value>
            </param>
            <param index="1">
              <value>
                <![CDATA["MagicBricks Buy Module Functional Validation"]]>
              </value>
            </param>
          </params>
          <reporter-output>
          </reporter-output>
        </test-method> <!-- runScenario -->
        <test-method signature="runScenario(io.cucumber.testng.PickleWrapper,io.cucumber.testng.FeatureWrapper)[pri:0, instance:runner.runner_sayan.TestRunner@7c83dc97]" started-at="2026-03-31T21:37:25 IST" name="runScenario" description="Runs Cucumber Scenarios" data-provider="scenarios" finished-at="2026-03-31T21:38:06 IST" duration-ms="41409" status="PASS">
          <params>
            <param index="0">
              <value>
                <![CDATA["TC10 - House for Sale listings shown and Map View renders property location correctly"]]>
              </value>
            </param>
            <param index="1">
              <value>
                <![CDATA["MagicBricks Buy Module Functional Validation"]]>
              </value>
            </param>
          </params>
          <reporter-output>
          </reporter-output>
        </test-method> <!-- runScenario -->
        <test-method signature="runScenario(io.cucumber.testng.PickleWrapper,io.cucumber.testng.FeatureWrapper)[pri:0, instance:runner.runner_sayan.TestRunner@7c83dc97]" started-at="2026-03-31T21:38:06 IST" name="runScenario" description="Runs Cucumber Scenarios" data-provider="scenarios" finished-at="2026-03-31T21:39:06 IST" duration-ms="59882" status="PASS">
          <params>
            <param index="0">
              <value>
                <![CDATA["TC12 - Plot listings have no BHK filter and area budget filter works correctly"]]>
              </value>
            </param>
            <param index="1">
              <value>
                <![CDATA["MagicBricks Buy Module Functional Validation"]]>
              </value>
            </param>
          </params>
          <reporter-output>
          </reporter-output>
        </test-method> <!-- runScenario -->
        <test-method signature="runScenario(io.cucumber.testng.PickleWrapper,io.cucumber.testng.FeatureWrapper)[pri:0, instance:runner.runner_sayan.TestRunner@7c83dc97]" started-at="2026-03-31T21:39:06 IST" name="runScenario" description="Runs Cucumber Scenarios" data-provider="scenarios" finished-at="2026-03-31T21:39:35 IST" duration-ms="28353" status="PASS">
          <params>
            <param index="0">
              <value>
                <![CDATA["TC14 - Office Space listings are shown and Contact Agent button is clickable"]]>
              </value>
            </param>
            <param index="1">
              <value>
                <![CDATA["MagicBricks Buy Module Functional Validation"]]>
              </value>
            </param>
          </params>
          <reporter-output>
          </reporter-output>
        </test-method> <!-- runScenario -->
        <test-method signature="runScenario(io.cucumber.testng.PickleWrapper,io.cucumber.testng.FeatureWrapper)[pri:0, instance:runner.runner_sayan.TestRunner@7c83dc97]" started-at="2026-03-31T21:39:35 IST" name="runScenario" description="Runs Cucumber Scenarios" data-provider="scenarios" finished-at="2026-03-31T21:39:55 IST" duration-ms="20805" status="PASS">
          <params>
            <param index="0">
              <value>
                <![CDATA["TC16 - Commercial Space supports sub-type filter and sort by price high to low"]]>
              </value>
            </param>
            <param index="1">
              <value>
                <![CDATA["MagicBricks Buy Module Functional Validation"]]>
              </value>
            </param>
          </params>
          <reporter-output>
          </reporter-output>
        </test-method> <!-- runScenario -->
        <test-method is-config="true" signature="tearDownClass()[pri:0, instance:runner.runner_sayan.TestRunner@7c83dc97]" started-at="2026-03-31T21:39:55 IST" name="tearDownClass" finished-at="2026-03-31T21:39:56 IST" duration-ms="75" status="PASS">
          <reporter-output>
          </reporter-output>
        </test-method> <!-- tearDownClass -->
      </class> <!-- runner.runner_sayan.TestRunner -->
    </test> <!-- Edge-Suite -->
  </suite> <!-- MagicBricks Cross-Browser Suite -->
</testng-results>
