<?xml version="1.0" encoding="UTF-8"?>
<!-- Generated by org.testng.reporters.JUnitXMLReporter -->
<testsuite ignored="0" hostname="DESKTOP-SK87QQO" failures="0" tests="5" name="Products" time="3.836" errors="0" timestamp="2026-03-31T11:44:42 IST">
  <testcase classname="tests.ProductTests" name="TC_PROD_01_getAllProducts_return200WithFullList" time="0.828"/>
  <testcase classname="tests.ProductTests" name="TC_PROD_02_getProductById_returnCorrectProductWithRating" time="0.778"/>
  <testcase classname="tests.ProductTests" name="TC_PROD_03_createProduct_return201WithEchoedProduct" time="0.745"/>
  <testcase classname="tests.ProductTests" name="TC_PROD_04_updateProduct_return200WithUpdatedFields" time="0.779"/>
  <testcase classname="tests.ProductTests" name="TC_PROD_05_deleteProduct_return200WithDeletedProduct" time="0.691"/>
</testsuite> <!-- Products -->
