<?xml version="1.0" encoding="UTF-8"?>
<testng-results ignored="0" total="8" passed="5" failed="3" skipped="0">
  <reporter-output>
  </reporter-output>
  <suite started-at="2026-03-28T22:11:29 IST" name="Chrome" finished-at="2026-03-28T22:13:09 IST" duration-ms="100647">
    <groups>
      <group name="cucumber">
        <method signature="AbstractTestNGCucumberTests.runScenario(io.cucumber.testng.PickleWrapper,io.cucumber.testng.FeatureWrapper)[pri:0, instance:runnerFile_Tanistha.Runner@4f67eb2a]" name="runScenario" class="io.cucumber.testng.AbstractTestNGCucumberTests"/>
        <method signature="AbstractTestNGCucumberTests.runScenario(io.cucumber.testng.PickleWrapper,io.cucumber.testng.FeatureWrapper)[pri:0, instance:runnerFile_Tanistha.LocalityBuyRunner@3d1cfad4]" name="runScenario" class="io.cucumber.testng.AbstractTestNGCucumberTests"/>
      </group> <!-- cucumber -->
    </groups>
    <test started-at="2026-03-28T22:11:29 IST" name="Locality-Chrome" finished-at="2026-03-28T22:12:47 IST" duration-ms="78135">
      <class name="runnerFile_Tanistha.LocalityBuyRunner">
        <test-method is-config="true" signature="setUpClass(org.testng.ITestContext)[pri:0, instance:runnerFile_Tanistha.LocalityBuyRunner@3d1cfad4]" started-at="2026-03-28T22:11:29 IST" name="setUpClass" finished-at="2026-03-28T22:11:30 IST" duration-ms="894" status="PASS">
          <params>
            <param index="0">
              <value>
                <![CDATA[org.testng.TestRunner@1b2abca6]]>
              </value>
            </param>
          </params>
          <reporter-output>
          </reporter-output>
        </test-method> <!-- setUpClass -->
        <test-method is-config="true" signature="setBrowser(java.lang.String)[pri:0, instance:runnerFile_Tanistha.LocalityBuyRunner@3d1cfad4]" started-at="2026-03-28T22:11:30 IST" name="setBrowser" finished-at="2026-03-28T22:11:30 IST" duration-ms="2" status="PASS">
          <params>
            <param index="0">
              <value>
                <![CDATA[chrome]]>
              </value>
            </param>
          </params>
          <reporter-output>
          </reporter-output>
        </test-method> <!-- setBrowser -->
        <test-method signature="runScenario(io.cucumber.testng.PickleWrapper,io.cucumber.testng.FeatureWrapper)[pri:0, instance:runnerFile_Tanistha.LocalityBuyRunner@3d1cfad4]" started-at="2026-03-28T22:11:30 IST" name="runScenario" description="Runs Cucumber Scenarios" data-provider="scenarios" finished-at="2026-03-28T22:12:39 IST" duration-ms="69827" status="PASS">
          <params>
            <param index="0">
              <value>
                <![CDATA["Verify autosuggestions and locality card on search"]]>
              </value>
            </param>
            <param index="1">
              <value>
                <![CDATA["MagicBricks Kolkata - Property Search, Projects, Localities and Agent Features"]]>
              </value>
            </param>
          </params>
          <reporter-output>
          </reporter-output>
        </test-method> <!-- runScenario -->
        <test-method signature="runScenario(io.cucumber.testng.PickleWrapper,io.cucumber.testng.FeatureWrapper)[pri:0, instance:runnerFile_Tanistha.LocalityBuyRunner@3d1cfad4]" started-at="2026-03-28T22:11:30 IST" name="runScenario" description="Runs Cucumber Scenarios" data-provider="scenarios" finished-at="2026-03-28T22:12:46 IST" duration-ms="75972" status="PASS">
          <params>
            <param index="0">
              <value>
                <![CDATA["Explore properties in selected locality"]]>
              </value>
            </param>
            <param index="1">
              <value>
                <![CDATA["MagicBricks Kolkata - Property Search, Projects, Localities and Agent Features"]]>
              </value>
            </param>
          </params>
          <reporter-output>
          </reporter-output>
        </test-method> <!-- runScenario -->
        <test-method is-config="true" signature="tearDownClass()[pri:0, instance:runnerFile_Tanistha.LocalityBuyRunner@3d1cfad4]" started-at="2026-03-28T22:12:46 IST" name="tearDownClass" finished-at="2026-03-28T22:12:47 IST" duration-ms="1195" status="PASS">
          <reporter-output>
          </reporter-output>
        </test-method> <!-- tearDownClass -->
      </class> <!-- runnerFile_Tanistha.LocalityBuyRunner -->
    </test> <!-- Locality-Chrome -->
    <test started-at="2026-03-28T22:11:29 IST" name="Buy-Chrome" finished-at="2026-03-28T22:13:09 IST" duration-ms="100647">
      <class name="runnerFile_Tanistha.Runner">
        <test-method is-config="true" signature="setUpClass(org.testng.ITestContext)[pri:0, instance:runnerFile_Tanistha.Runner@4f67eb2a]" started-at="2026-03-28T22:11:29 IST" name="setUpClass" finished-at="2026-03-28T22:11:30 IST" duration-ms="894" status="PASS">
          <params>
            <param index="0">
              <value>
                <![CDATA[org.testng.TestRunner@e15b7e8]]>
              </value>
            </param>
          </params>
          <reporter-output>
          </reporter-output>
        </test-method> <!-- setUpClass -->
        <test-method is-config="true" signature="setBrowser(java.lang.String)[pri:0, instance:runnerFile_Tanistha.Runner@4f67eb2a]" started-at="2026-03-28T22:11:30 IST" name="setBrowser" finished-at="2026-03-28T22:11:30 IST" duration-ms="1" status="PASS">
          <params>
            <param index="0">
              <value>
                <![CDATA[chrome]]>
              </value>
            </param>
          </params>
          <reporter-output>
          </reporter-output>
        </test-method> <!-- setBrowser -->
        <test-method signature="runScenario(io.cucumber.testng.PickleWrapper,io.cucumber.testng.FeatureWrapper)[pri:0, instance:runnerFile_Tanistha.Runner@4f67eb2a]" started-at="2026-03-28T22:11:30 IST" name="runScenario" description="Runs Cucumber Scenarios" data-provider="scenarios" finished-at="2026-03-28T22:12:24 IST" duration-ms="54756" status="PASS">
          <params>
            <param index="0">
              <value>
                <![CDATA["Apply property type filter and verify results"]]>
              </value>
            </param>
            <param index="1">
              <value>
                <![CDATA["MagicBricks Kolkata - Property Search, Projects, Localities and Agent Features"]]>
              </value>
            </param>
          </params>
          <reporter-output>
          </reporter-output>
        </test-method> <!-- runScenario -->
        <test-method signature="runScenario(io.cucumber.testng.PickleWrapper,io.cucumber.testng.FeatureWrapper)[pri:0, instance:runnerFile_Tanistha.Runner@4f67eb2a]" started-at="2026-03-28T22:11:30 IST" name="runScenario" description="Runs Cucumber Scenarios" data-provider="scenarios" finished-at="2026-03-28T22:13:09 IST" duration-ms="99657" status="PASS">
          <params>
            <param index="0">
              <value>
                <![CDATA["Open first property and read the full description"]]>
              </value>
            </param>
            <param index="1">
              <value>
                <![CDATA["MagicBricks Kolkata - Property Search, Projects, Localities and Agent Features"]]>
              </value>
            </param>
          </params>
          <reporter-output>
          </reporter-output>
        </test-method> <!-- runScenario -->
        <test-method signature="runScenario(io.cucumber.testng.PickleWrapper,io.cucumber.testng.FeatureWrapper)[pri:0, instance:runnerFile_Tanistha.Runner@4f67eb2a]" started-at="2026-03-28T22:11:30 IST" name="runScenario" description="Runs Cucumber Scenarios" data-provider="scenarios" finished-at="2026-03-28T22:12:42 IST" duration-ms="72683" status="PASS">
          <params>
            <param index="0">
              <value>
                <![CDATA["View details of the first listed agent"]]>
              </value>
            </param>
            <param index="1">
              <value>
                <![CDATA["MagicBricks Kolkata - Property Search, Projects, Localities and Agent Features"]]>
              </value>
            </param>
          </params>
          <reporter-output>
          </reporter-output>
        </test-method> <!-- runScenario -->
        <test-method signature="runScenario(io.cucumber.testng.PickleWrapper,io.cucumber.testng.FeatureWrapper)[pri:0, instance:runnerFile_Tanistha.Runner@4f67eb2a]" started-at="2026-03-28T22:11:30 IST" name="runScenario" description="Runs Cucumber Scenarios" data-provider="scenarios" finished-at="2026-03-28T22:12:08 IST" duration-ms="38623" status="FAIL">
          <params>
            <param index="0">
              <value>
                <![CDATA["Fill and submit the contact agent form"]]>
              </value>
            </param>
            <param index="1">
              <value>
                <![CDATA["MagicBricks Kolkata - Property Search, Projects, Localities and Agent Features"]]>
              </value>
            </param>
          </params>
          <exception class="org.openqa.selenium.TimeoutException">
            <message>
              <![CDATA[Expected condition failed: waiting for element to be clickable: [[ChromeDriver: chrome on windows (28829034c185eab0fda09751dfac1b41)] -> xpath: (//a[contains(text(),'Find an Agent')])[1]] (tried for 15 second(s) with 500 milliseconds interval)
Build info: version: '4.38.0', revision: '6b412e825c*'
System info: os.name: 'Windows 11', os.arch: 'amd64', os.version: '10.0', java.version: '23.0.1'
Driver info: org.openqa.selenium.chrome.ChromeDriver
Capabilities {acceptInsecureCerts: false, browserName: chrome, browserVersion: 146.0.7680.165, chrome: {chromedriverVersion: 146.0.7680.165 (4b989da09e1..., userDataDir: C:\Users\TANISTHA\AppData\L...}, fedcm:accounts: true, goog:chromeOptions: {debuggerAddress: localhost:64325}, goog:processID: 15308, networkConnectionEnabled: false, pageLoadStrategy: normal, platformName: windows, proxy: Proxy(), se:cdp: ws://localhost:64325/devtoo..., se:cdpVersion: 146.0.7680.165, setWindowRect: true, strictFileInteractability: false, timeouts: {implicit: 0, pageLoad: 300000, script: 30000}, unhandledPromptBehavior: dismiss and notify, webauthn:extension:credBlob: true, webauthn:extension:largeBlob: true, webauthn:extension:minPinLength: true, webauthn:extension:prf: true, webauthn:virtualAuthenticators: true}
Session ID: 28829034c185eab0fda09751dfac1b41]]>
            </message>
            <full-stacktrace>
              <![CDATA[org.openqa.selenium.TimeoutException: Expected condition failed: waiting for element to be clickable: [[ChromeDriver: chrome on windows (28829034c185eab0fda09751dfac1b41)] -> xpath: (//a[contains(text(),'Find an Agent')])[1]] (tried for 15 second(s) with 500 milliseconds interval)
Build info: version: '4.38.0', revision: '6b412e825c*'
System info: os.name: 'Windows 11', os.arch: 'amd64', os.version: '10.0', java.version: '23.0.1'
Driver info: org.openqa.selenium.chrome.ChromeDriver
Capabilities {acceptInsecureCerts: false, browserName: chrome, browserVersion: 146.0.7680.165, chrome: {chromedriverVersion: 146.0.7680.165 (4b989da09e1..., userDataDir: C:\Users\TANISTHA\AppData\L...}, fedcm:accounts: true, goog:chromeOptions: {debuggerAddress: localhost:64325}, goog:processID: 15308, networkConnectionEnabled: false, pageLoadStrategy: normal, platformName: windows, proxy: Proxy(), se:cdp: ws://localhost:64325/devtoo..., se:cdpVersion: 146.0.7680.165, setWindowRect: true, strictFileInteractability: false, timeouts: {implicit: 0, pageLoad: 300000, script: 30000}, unhandledPromptBehavior: dismiss and notify, webauthn:extension:credBlob: true, webauthn:extension:largeBlob: true, webauthn:extension:minPinLength: true, webauthn:extension:prf: true, webauthn:virtualAuthenticators: true}
Session ID: 28829034c185eab0fda09751dfac1b41
at org.openqa.selenium.support.ui.WebDriverWait.timeoutException(WebDriverWait.java:84)
at org.openqa.selenium.support.ui.FluentWait.until(FluentWait.java:228)
at pagesTanistha.HomePage.clickAgent(HomePage.java:48)
at stepDefinition_Tanistha.BuyStep.i_click_on_link(BuyStep.java:62)
at ✽.I click on "Find an Agent" link(file:///C:/Users/TANISTHA/git/MagicBricks/Day_3_Deliverables/MagicBricks_Sprint_Group4/src/test/java/featureFile/Buy.feature:76)
]]>
            </full-stacktrace>
          </exception> <!-- org.openqa.selenium.TimeoutException -->
          <reporter-output>
          </reporter-output>
        </test-method> <!-- runScenario -->
        <test-method signature="runScenario(io.cucumber.testng.PickleWrapper,io.cucumber.testng.FeatureWrapper)[pri:0, instance:runnerFile_Tanistha.Runner@4f67eb2a]" started-at="2026-03-28T22:11:30 IST" name="runScenario" description="Runs Cucumber Scenarios" data-provider="scenarios" finished-at="2026-03-28T22:12:10 IST" duration-ms="40455" status="FAIL">
          <params>
            <param index="0">
              <value>
                <![CDATA["Apply budget filter and verify property listings are displayed"]]>
              </value>
            </param>
            <param index="1">
              <value>
                <![CDATA["MagicBricks Kolkata - Property Search, Projects, Localities and Agent Features"]]>
              </value>
            </param>
          </params>
          <exception class="org.openqa.selenium.TimeoutException">
            <message>
              <![CDATA[Expected condition failed: waiting for element to be clickable: [[ChromeDriver: chrome on windows (a520d0fb49eea270b48c82ae1d086ed0)] -> xpath: (//div[contains(text(),'₹10 Lac')])[1]] (tried for 15 second(s) with 500 milliseconds interval)
Build info: version: '4.38.0', revision: '6b412e825c*'
System info: os.name: 'Windows 11', os.arch: 'amd64', os.version: '10.0', java.version: '23.0.1'
Driver info: org.openqa.selenium.chrome.ChromeDriver
Capabilities {acceptInsecureCerts: false, browserName: chrome, browserVersion: 146.0.7680.165, chrome: {chromedriverVersion: 146.0.7680.165 (4b989da09e1..., userDataDir: C:\Users\TANISTHA\AppData\L...}, fedcm:accounts: true, goog:chromeOptions: {debuggerAddress: localhost:63607}, goog:processID: 30316, networkConnectionEnabled: false, pageLoadStrategy: normal, platformName: windows, proxy: Proxy(), se:cdp: ws://localhost:63607/devtoo..., se:cdpVersion: 146.0.7680.165, setWindowRect: true, strictFileInteractability: false, timeouts: {implicit: 0, pageLoad: 300000, script: 30000}, unhandledPromptBehavior: dismiss and notify, webauthn:extension:credBlob: true, webauthn:extension:largeBlob: true, webauthn:extension:minPinLength: true, webauthn:extension:prf: true, webauthn:virtualAuthenticators: true}
Session ID: a520d0fb49eea270b48c82ae1d086ed0]]>
            </message>
            <full-stacktrace>
              <![CDATA[org.openqa.selenium.TimeoutException: Expected condition failed: waiting for element to be clickable: [[ChromeDriver: chrome on windows (a520d0fb49eea270b48c82ae1d086ed0)] -> xpath: (//div[contains(text(),'₹10 Lac')])[1]] (tried for 15 second(s) with 500 milliseconds interval)
Build info: version: '4.38.0', revision: '6b412e825c*'
System info: os.name: 'Windows 11', os.arch: 'amd64', os.version: '10.0', java.version: '23.0.1'
Driver info: org.openqa.selenium.chrome.ChromeDriver
Capabilities {acceptInsecureCerts: false, browserName: chrome, browserVersion: 146.0.7680.165, chrome: {chromedriverVersion: 146.0.7680.165 (4b989da09e1..., userDataDir: C:\Users\TANISTHA\AppData\L...}, fedcm:accounts: true, goog:chromeOptions: {debuggerAddress: localhost:63607}, goog:processID: 30316, networkConnectionEnabled: false, pageLoadStrategy: normal, platformName: windows, proxy: Proxy(), se:cdp: ws://localhost:63607/devtoo..., se:cdpVersion: 146.0.7680.165, setWindowRect: true, strictFileInteractability: false, timeouts: {implicit: 0, pageLoad: 300000, script: 30000}, unhandledPromptBehavior: dismiss and notify, webauthn:extension:credBlob: true, webauthn:extension:largeBlob: true, webauthn:extension:minPinLength: true, webauthn:extension:prf: true, webauthn:virtualAuthenticators: true}
Session ID: a520d0fb49eea270b48c82ae1d086ed0
at org.openqa.selenium.support.ui.WebDriverWait.timeoutException(WebDriverWait.java:84)
at org.openqa.selenium.support.ui.FluentWait.until(FluentWait.java:228)
at pagesTanistha.HomePage.selectMinBudget(HomePage.java:85)
at stepDefinition_Tanistha.BuyStep.i_select_minimum_budget_as(BuyStep.java:260)
at ✽.I select minimum budget as "10 Lac"(file:///C:/Users/TANISTHA/git/MagicBricks/Day_3_Deliverables/MagicBricks_Sprint_Group4/src/test/java/featureFile/Buy.feature:10)
]]>
            </full-stacktrace>
          </exception> <!-- org.openqa.selenium.TimeoutException -->
          <reporter-output>
          </reporter-output>
        </test-method> <!-- runScenario -->
        <test-method signature="runScenario(io.cucumber.testng.PickleWrapper,io.cucumber.testng.FeatureWrapper)[pri:0, instance:runnerFile_Tanistha.Runner@4f67eb2a]" started-at="2026-03-28T22:11:30 IST" name="runScenario" description="Runs Cucumber Scenarios" data-provider="scenarios" finished-at="2026-03-28T22:12:12 IST" duration-ms="42389" status="FAIL">
          <params>
            <param index="0">
              <value>
                <![CDATA["View featured developer details and browse project listings"]]>
              </value>
            </param>
            <param index="1">
              <value>
                <![CDATA["MagicBricks Kolkata - Property Search, Projects, Localities and Agent Features"]]>
              </value>
            </param>
          </params>
          <exception class="org.openqa.selenium.TimeoutException">
            <message>
              <![CDATA[Expected condition failed: waiting for element to be clickable: [[ChromeDriver: chrome on windows (0bd0396420417b5750df7c9c8316cbb8)] -> xpath: (//a[contains(text(),'Projects in Kolkata')])[1]] (tried for 15 second(s) with 500 milliseconds interval)
Build info: version: '4.38.0', revision: '6b412e825c*'
System info: os.name: 'Windows 11', os.arch: 'amd64', os.version: '10.0', java.version: '23.0.1'
Driver info: org.openqa.selenium.chrome.ChromeDriver
Capabilities {acceptInsecureCerts: false, browserName: chrome, browserVersion: 146.0.7680.165, chrome: {chromedriverVersion: 146.0.7680.165 (4b989da09e1..., userDataDir: C:\Users\TANISTHA\AppData\L...}, fedcm:accounts: true, goog:chromeOptions: {debuggerAddress: localhost:65220}, goog:processID: 2076, networkConnectionEnabled: false, pageLoadStrategy: normal, platformName: windows, proxy: Proxy(), se:cdp: ws://localhost:65220/devtoo..., se:cdpVersion: 146.0.7680.165, setWindowRect: true, strictFileInteractability: false, timeouts: {implicit: 0, pageLoad: 300000, script: 30000}, unhandledPromptBehavior: dismiss and notify, webauthn:extension:credBlob: true, webauthn:extension:largeBlob: true, webauthn:extension:minPinLength: true, webauthn:extension:prf: true, webauthn:virtualAuthenticators: true}
Session ID: 0bd0396420417b5750df7c9c8316cbb8]]>
            </message>
            <full-stacktrace>
              <![CDATA[org.openqa.selenium.TimeoutException: Expected condition failed: waiting for element to be clickable: [[ChromeDriver: chrome on windows (0bd0396420417b5750df7c9c8316cbb8)] -> xpath: (//a[contains(text(),'Projects in Kolkata')])[1]] (tried for 15 second(s) with 500 milliseconds interval)
Build info: version: '4.38.0', revision: '6b412e825c*'
System info: os.name: 'Windows 11', os.arch: 'amd64', os.version: '10.0', java.version: '23.0.1'
Driver info: org.openqa.selenium.chrome.ChromeDriver
Capabilities {acceptInsecureCerts: false, browserName: chrome, browserVersion: 146.0.7680.165, chrome: {chromedriverVersion: 146.0.7680.165 (4b989da09e1..., userDataDir: C:\Users\TANISTHA\AppData\L...}, fedcm:accounts: true, goog:chromeOptions: {debuggerAddress: localhost:65220}, goog:processID: 2076, networkConnectionEnabled: false, pageLoadStrategy: normal, platformName: windows, proxy: Proxy(), se:cdp: ws://localhost:65220/devtoo..., se:cdpVersion: 146.0.7680.165, setWindowRect: true, strictFileInteractability: false, timeouts: {implicit: 0, pageLoad: 300000, script: 30000}, unhandledPromptBehavior: dismiss and notify, webauthn:extension:credBlob: true, webauthn:extension:largeBlob: true, webauthn:extension:minPinLength: true, webauthn:extension:prf: true, webauthn:virtualAuthenticators: true}
Session ID: 0bd0396420417b5750df7c9c8316cbb8
at org.openqa.selenium.support.ui.WebDriverWait.timeoutException(WebDriverWait.java:84)
at org.openqa.selenium.support.ui.FluentWait.until(FluentWait.java:228)
at pagesTanistha.HomePage.clickProjects(HomePage.java:41)
at stepDefinition_Tanistha.BuyStep.i_click_on_link(BuyStep.java:68)
at ✽.I click on "Projects in Kolkata" link(file:///C:/Users/TANISTHA/git/MagicBricks/Day_3_Deliverables/MagicBricks_Sprint_Group4/src/test/java/featureFile/Buy.feature:22)
]]>
            </full-stacktrace>
          </exception> <!-- org.openqa.selenium.TimeoutException -->
          <reporter-output>
          </reporter-output>
        </test-method> <!-- runScenario -->
        <test-method is-config="true" signature="tearDownClass()[pri:0, instance:runnerFile_Tanistha.Runner@4f67eb2a]" started-at="2026-03-28T22:13:09 IST" name="tearDownClass" finished-at="2026-03-28T22:13:09 IST" duration-ms="35" status="PASS">
          <reporter-output>
          </reporter-output>
        </test-method> <!-- tearDownClass -->
      </class> <!-- runnerFile_Tanistha.Runner -->
    </test> <!-- Buy-Chrome -->
  </suite> <!-- Chrome -->
</testng-results>
