<?xml version="1.0" encoding="UTF-8"?>
<testng-results ignored="0" total="1" passed="0" failed="1" skipped="0">
  <reporter-output>
  </reporter-output>
  <suite started-at="2026-03-25T21:45:55 IST" name="Default suite" finished-at="2026-03-25T21:45:56 IST" duration-ms="292">
    <groups>
      <group name="cucumber">
        <method signature="AbstractTestNGCucumberTests.runScenario(io.cucumber.testng.PickleWrapper,io.cucumber.testng.FeatureWrapper)[pri:0, instance:runnerFile_Tanistha.AgentContact@2e570ded]" name="runScenario" class="io.cucumber.testng.AbstractTestNGCucumberTests"/>
      </group> <!-- cucumber -->
    </groups>
    <test started-at="2026-03-25T21:45:55 IST" name="Default test" finished-at="2026-03-25T21:45:56 IST" duration-ms="292">
      <class name="runnerFile_Tanistha.AgentContact">
        <test-method is-config="true" signature="setUpClass(org.testng.ITestContext)[pri:0, instance:runnerFile_Tanistha.AgentContact@2e570ded]" started-at="2026-03-25T21:45:55 IST" name="setUpClass" finished-at="2026-03-25T21:45:55 IST" duration-ms="142" status="PASS">
          <params>
            <param index="0">
              <value>
                <![CDATA[org.testng.TestRunner@76a36b71]]>
              </value>
            </param>
          </params>
          <reporter-output>
          </reporter-output>
        </test-method> <!-- setUpClass -->
        <test-method signature="runScenario(io.cucumber.testng.PickleWrapper,io.cucumber.testng.FeatureWrapper)[pri:0, instance:runnerFile_Tanistha.AgentContact@2e570ded]" started-at="2026-03-25T21:45:55 IST" name="runScenario" description="Runs Cucumber Scenarios" data-provider="scenarios" finished-at="2026-03-25T21:45:56 IST" duration-ms="106" status="FAIL">
          <params>
            <param index="0">
              <value>
                <![CDATA["Fill agent contact form and verify OTP"]]>
              </value>
            </param>
            <param index="1">
              <value>
                <![CDATA["Contact a real estate agent in Kolkata"]]>
              </value>
            </param>
          </params>
          <exception class="io.cucumber.testng.UndefinedStepException">
            <message>
              <![CDATA[The step 'I open the MagicBricks property page for Kolkata' and 9 other step(s) are undefined.
You can implement these steps using the snippet(s) below:

@Given("I open the MagicBricks property page for Kolkata")
public void i_open_the_magic_bricks_property_page_for_kolkata() {
    // Write code here that turns the phrase above into concrete actions
    throw new io.cucumber.java.PendingException();
}
@When("I click on the {string} heading")
public void i_click_on_the_heading(String string) {
    // Write code here that turns the phrase above into concrete actions
    throw new io.cucumber.java.PendingException();
}
@When("I click on {string} and switch to the new tab")
public void i_click_on_and_switch_to_the_new_tab(String string) {
    // Write code here that turns the phrase above into concrete actions
    throw new io.cucumber.java.PendingException();
}
@Then("I should see the {string} page loaded")
public void i_should_see_the_page_loaded(String string) {
    // Write code here that turns the phrase above into concrete actions
    throw new io.cucumber.java.PendingException();
}
@When("I select the first agent and click {string}")
public void i_select_the_first_agent_and_click(String string) {
    // Write code here that turns the phrase above into concrete actions
    throw new io.cucumber.java.PendingException();
}
@When("I fill in the contact form with name {string}, email {string}, and mobile {string}")
public void i_fill_in_the_contact_form_with_name_email_and_mobile(String string, String string2, String string3) {
    // Write code here that turns the phrase above into concrete actions
    throw new io.cucumber.java.PendingException();
}
@When("I click the {string} button")
public void i_click_the_button(String string) {
    // Write code here that turns the phrase above into concrete actions
    throw new io.cucumber.java.PendingException();
}
@Then("I wait for the OTP field to appear")
public void i_wait_for_the_otp_field_to_appear() {
    // Write code here that turns the phrase above into concrete actions
    throw new io.cucumber.java.PendingException();
}
@Then("I manually enter the OTP")
public void i_manually_enter_the_otp() {
    // Write code here that turns the phrase above into concrete actions
    throw new io.cucumber.java.PendingException();
}
]]>
            </message>
            <full-stacktrace>
              <![CDATA[io.cucumber.testng.UndefinedStepException: The step 'I open the MagicBricks property page for Kolkata' and 9 other step(s) are undefined.
You can implement these steps using the snippet(s) below:

@Given("I open the MagicBricks property page for Kolkata")
public void i_open_the_magic_bricks_property_page_for_kolkata() {
    // Write code here that turns the phrase above into concrete actions
    throw new io.cucumber.java.PendingException();
}
@When("I click on the {string} heading")
public void i_click_on_the_heading(String string) {
    // Write code here that turns the phrase above into concrete actions
    throw new io.cucumber.java.PendingException();
}
@When("I click on {string} and switch to the new tab")
public void i_click_on_and_switch_to_the_new_tab(String string) {
    // Write code here that turns the phrase above into concrete actions
    throw new io.cucumber.java.PendingException();
}
@Then("I should see the {string} page loaded")
public void i_should_see_the_page_loaded(String string) {
    // Write code here that turns the phrase above into concrete actions
    throw new io.cucumber.java.PendingException();
}
@When("I select the first agent and click {string}")
public void i_select_the_first_agent_and_click(String string) {
    // Write code here that turns the phrase above into concrete actions
    throw new io.cucumber.java.PendingException();
}
@When("I fill in the contact form with name {string}, email {string}, and mobile {string}")
public void i_fill_in_the_contact_form_with_name_email_and_mobile(String string, String string2, String string3) {
    // Write code here that turns the phrase above into concrete actions
    throw new io.cucumber.java.PendingException();
}
@When("I click the {string} button")
public void i_click_the_button(String string) {
    // Write code here that turns the phrase above into concrete actions
    throw new io.cucumber.java.PendingException();
}
@Then("I wait for the OTP field to appear")
public void i_wait_for_the_otp_field_to_appear() {
    // Write code here that turns the phrase above into concrete actions
    throw new io.cucumber.java.PendingException();
}
@Then("I manually enter the OTP")
public void i_manually_enter_the_otp() {
    // Write code here that turns the phrase above into concrete actions
    throw new io.cucumber.java.PendingException();
}

at ✽.I open the MagicBricks property page for Kolkata(file:///D:/backup/Language/Eclipse/MagicBricks_Sprint_Group4/src/test/java/featureFile_Tanistha/AgentContact.feature:7)
]]>
            </full-stacktrace>
          </exception> <!-- io.cucumber.testng.UndefinedStepException -->
          <reporter-output>
          </reporter-output>
        </test-method> <!-- runScenario -->
        <test-method is-config="true" signature="tearDownClass()[pri:0, instance:runnerFile_Tanistha.AgentContact@2e570ded]" started-at="2026-03-25T21:45:56 IST" name="tearDownClass" finished-at="2026-03-25T21:45:56 IST" duration-ms="2" status="PASS">
          <reporter-output>
          </reporter-output>
        </test-method> <!-- tearDownClass -->
      </class> <!-- runnerFile_Tanistha.AgentContact -->
    </test> <!-- Default test -->
  </suite> <!-- Default suite -->
</testng-results>
