<?xml version="1.0" encoding="UTF-8"?>
<testng-results ignored="0" total="8" passed="8" failed="0" skipped="0">
  <reporter-output>
  </reporter-output>
  <suite started-at="2026-03-27T22:45:14 IST" name="MagicBricks Test Suite" finished-at="2026-03-27T22:49:18 IST" duration-ms="244397">
    <groups>
      <group name="cucumber">
        <method signature="AbstractTestNGCucumberTests.runScenario(io.cucumber.testng.PickleWrapper,io.cucumber.testng.FeatureWrapper)[pri:0, instance:runner.TestRunner@66d18979]" name="runScenario" class="io.cucumber.testng.AbstractTestNGCucumberTests"/>
      </group> <!-- cucumber -->
    </groups>
    <test started-at="2026-03-27T22:45:14 IST" name="MagicBricks Rent Page Tests" finished-at="2026-03-27T22:49:18 IST" duration-ms="244397">
      <class name="runner.TestRunner">
        <test-method is-config="true" signature="setUpClass(org.testng.ITestContext)[pri:0, instance:runner.TestRunner@66d18979]" started-at="2026-03-27T22:45:14 IST" name="setUpClass" finished-at="2026-03-27T22:45:15 IST" duration-ms="1031" status="PASS">
          <params>
            <param index="0">
              <value>
                <![CDATA[org.testng.TestRunner@20e6c4dc]]>
              </value>
            </param>
          </params>
          <reporter-output>
          </reporter-output>
        </test-method> <!-- setUpClass -->
        <test-method signature="runScenario(io.cucumber.testng.PickleWrapper,io.cucumber.testng.FeatureWrapper)[pri:0, instance:runner.TestRunner@66d18979]" started-at="2026-03-27T22:45:15 IST" name="runScenario" description="Runs Cucumber Scenarios" data-provider="scenarios" finished-at="2026-03-27T22:45:43 IST" duration-ms="28564" status="PASS">
          <params>
            <param index="0">
              <value>
                <![CDATA["Error message shown for invalid location input"]]>
              </value>
            </param>
            <param index="1">
              <value>
                <![CDATA["MagicBricks Rent Page Tests"]]>
              </value>
            </param>
          </params>
          <reporter-output>
          </reporter-output>
        </test-method> <!-- runScenario -->
        <test-method signature="runScenario(io.cucumber.testng.PickleWrapper,io.cucumber.testng.FeatureWrapper)[pri:0, instance:runner.TestRunner@66d18979]" started-at="2026-03-27T22:45:15 IST" name="runScenario" description="Runs Cucumber Scenarios" data-provider="scenarios" finished-at="2026-03-27T22:47:05 IST" duration-ms="110550" status="PASS">
          <params>
            <param index="0">
              <value>
                <![CDATA["Properties are sorted in ascending order of price"]]>
              </value>
            </param>
            <param index="1">
              <value>
                <![CDATA["MagicBricks Rent Page Tests"]]>
              </value>
            </param>
          </params>
          <reporter-output>
          </reporter-output>
        </test-method> <!-- runScenario -->
        <test-method signature="runScenario(io.cucumber.testng.PickleWrapper,io.cucumber.testng.FeatureWrapper)[pri:0, instance:runner.TestRunner@66d18979]" started-at="2026-03-27T22:45:15 IST" name="runScenario" description="Runs Cucumber Scenarios" data-provider="scenarios" finished-at="2026-03-27T22:45:44 IST" duration-ms="28942" status="PASS">
          <params>
            <param index="0">
              <value>
                <![CDATA["Auto-suggest appears when user types a valid city"]]>
              </value>
            </param>
            <param index="1">
              <value>
                <![CDATA["MagicBricks Rent Page Tests"]]>
              </value>
            </param>
          </params>
          <reporter-output>
          </reporter-output>
        </test-method> <!-- runScenario -->
        <test-method signature="runScenario(io.cucumber.testng.PickleWrapper,io.cucumber.testng.FeatureWrapper)[pri:0, instance:runner.TestRunner@66d18979]" started-at="2026-03-27T22:45:43 IST" name="runScenario" description="Runs Cucumber Scenarios" data-provider="scenarios" finished-at="2026-03-27T22:46:34 IST" duration-ms="50480" status="PASS">
          <params>
            <param index="0">
              <value>
                <![CDATA["User can view full property details"]]>
              </value>
            </param>
            <param index="1">
              <value>
                <![CDATA["MagicBricks Rent Page Tests"]]>
              </value>
            </param>
          </params>
          <reporter-output>
          </reporter-output>
        </test-method> <!-- runScenario -->
        <test-method signature="runScenario(io.cucumber.testng.PickleWrapper,io.cucumber.testng.FeatureWrapper)[pri:0, instance:runner.TestRunner@66d18979]" started-at="2026-03-27T22:45:44 IST" name="runScenario" description="Runs Cucumber Scenarios" data-provider="scenarios" finished-at="2026-03-27T22:47:04 IST" duration-ms="79972" status="PASS">
          <params>
            <param index="0">
              <value>
                <![CDATA["User can view agent name photo contact and listing history"]]>
              </value>
            </param>
            <param index="1">
              <value>
                <![CDATA["MagicBricks Rent Page Tests"]]>
              </value>
            </param>
          </params>
          <reporter-output>
          </reporter-output>
        </test-method> <!-- runScenario -->
        <test-method signature="runScenario(io.cucumber.testng.PickleWrapper,io.cucumber.testng.FeatureWrapper)[pri:0, instance:runner.TestRunner@66d18979]" started-at="2026-03-27T22:46:34 IST" name="runScenario" description="Runs Cucumber Scenarios" data-provider="scenarios" finished-at="2026-03-27T22:47:14 IST" duration-ms="40561" status="PASS">
          <params>
            <param index="0">
              <value>
                <![CDATA["User can view location details on property page"]]>
              </value>
            </param>
            <param index="1">
              <value>
                <![CDATA["MagicBricks Rent Page Tests"]]>
              </value>
            </param>
          </params>
          <reporter-output>
          </reporter-output>
        </test-method> <!-- runScenario -->
        <test-method signature="runScenario(io.cucumber.testng.PickleWrapper,io.cucumber.testng.FeatureWrapper)[pri:0, instance:runner.TestRunner@66d18979]" started-at="2026-03-27T22:47:04 IST" name="runScenario" description="Runs Cucumber Scenarios" data-provider="scenarios" finished-at="2026-03-27T22:49:17 IST" duration-ms="133924" status="PASS">
          <params>
            <param index="0">
              <value>
                <![CDATA["User can contact agent by verifying OTP"]]>
              </value>
            </param>
            <param index="1">
              <value>
                <![CDATA["MagicBricks Rent Page Tests"]]>
              </value>
            </param>
          </params>
          <reporter-output>
          </reporter-output>
        </test-method> <!-- runScenario -->
        <test-method signature="runScenario(io.cucumber.testng.PickleWrapper,io.cucumber.testng.FeatureWrapper)[pri:0, instance:runner.TestRunner@66d18979]" started-at="2026-03-27T22:47:05 IST" name="runScenario" description="Runs Cucumber Scenarios" data-provider="scenarios" finished-at="2026-03-27T22:49:14 IST" duration-ms="128740" status="PASS">
          <params>
            <param index="0">
              <value>
                <![CDATA["User can write and submit a property review"]]>
              </value>
            </param>
            <param index="1">
              <value>
                <![CDATA["MagicBricks Rent Page Tests"]]>
              </value>
            </param>
          </params>
          <reporter-output>
          </reporter-output>
        </test-method> <!-- runScenario -->
        <test-method is-config="true" signature="tearDownClass()[pri:0, instance:runner.TestRunner@66d18979]" started-at="2026-03-27T22:49:18 IST" name="tearDownClass" finished-at="2026-03-27T22:49:18 IST" duration-ms="451" status="PASS">
          <reporter-output>
          </reporter-output>
        </test-method> <!-- tearDownClass -->
      </class> <!-- runner.TestRunner -->
    </test> <!-- MagicBricks Rent Page Tests -->
  </suite> <!-- MagicBricks Test Suite -->
</testng-results>
